{"C:\\Users\\Lenovo\\Capstone-Project\\skills-assess-backend\\server.js": {"path":"C:\\Users\\Lenovo\\Capstone-Project\\skills-assess-backend\\server.js","statementMap":{"0":{"start":{"line":1,"column":16},"end":{"line":1,"column":34}},"1":{"start":{"line":2,"column":13},"end":{"line":2,"column":28}},"2":{"start":{"line":3,"column":0},"end":{"line":3,"column":27}},"3":{"start":{"line":4,"column":15},"end":{"line":4,"column":32}},"4":{"start":{"line":5,"column":23},"end":{"line":5,"column":51}},"5":{"start":{"line":6,"column":13},"end":{"line":6,"column":37}},"6":{"start":{"line":7,"column":22},"end":{"line":7,"column":55}},"7":{"start":{"line":8,"column":19},"end":{"line":8,"column":43}},"8":{"start":{"line":9,"column":13},"end":{"line":9,"column":28}},"9":{"start":{"line":10,"column":19},"end":{"line":10,"column":41}},"10":{"start":{"line":11,"column":12},"end":{"line":11,"column":21}},"11":{"start":{"line":12,"column":12},"end":{"line":12,"column":35}},"12":{"start":{"line":13,"column":19},"end":{"line":13,"column":41}},"13":{"start":{"line":14,"column":29},"end":{"line":14,"column":69}},"14":{"start":{"line":16,"column":32},"end":{"line":16,"column":58}},"15":{"start":{"line":17,"column":26},"end":{"line":17,"column":63}},"16":{"start":{"line":20,"column":20},"end":{"line":27,"column":2}},"17":{"start":{"line":22,"column":4},"end":{"line":22,"column":30}},"18":{"start":{"line":25,"column":4},"end":{"line":25,"column":69}},"19":{"start":{"line":29,"column":24},"end":{"line":39,"column":2}},"20":{"start":{"line":33,"column":4},"end":{"line":37,"column":5}},"21":{"start":{"line":34,"column":6},"end":{"line":34,"column":21}},"22":{"start":{"line":36,"column":6},"end":{"line":36,"column":71}},"23":{"start":{"line":43,"column":0},"end":{"line":43,"column":16}},"24":{"start":{"line":44,"column":0},"end":{"line":44,"column":24}},"25":{"start":{"line":45,"column":0},"end":{"line":45,"column":27}},"26":{"start":{"line":46,"column":0},"end":{"line":46,"column":69}},"27":{"start":{"line":47,"column":0},"end":{"line":47,"column":49}},"28":{"start":{"line":48,"column":0},"end":{"line":48,"column":40}},"29":{"start":{"line":49,"column":0},"end":{"line":49,"column":28}},"30":{"start":{"line":50,"column":0},"end":{"line":50,"column":20}},"31":{"start":{"line":51,"column":0},"end":{"line":51,"column":47}},"32":{"start":{"line":54,"column":0},"end":{"line":56,"column":3}},"33":{"start":{"line":55,"column":2},"end":{"line":55,"column":42}},"34":{"start":{"line":59,"column":19},"end":{"line":59,"column":43}},"35":{"start":{"line":60,"column":0},"end":{"line":60,"column":29}},"36":{"start":{"line":62,"column":0},"end":{"line":62,"column":55}},"37":{"start":{"line":63,"column":0},"end":{"line":63,"column":41}},"38":{"start":{"line":66,"column":25},"end":{"line":66,"column":61}},"39":{"start":{"line":67,"column":0},"end":{"line":67,"column":46}},"40":{"start":{"line":69,"column":0},"end":{"line":77,"column":3}},"41":{"start":{"line":70,"column":2},"end":{"line":76,"column":3}},"42":{"start":{"line":71,"column":26},"end":{"line":71,"column":87}},"43":{"start":{"line":72,"column":4},"end":{"line":72,"column":26}},"44":{"start":{"line":74,"column":4},"end":{"line":74,"column":56}},"45":{"start":{"line":75,"column":4},"end":{"line":75,"column":67}},"46":{"start":{"line":79,"column":0},"end":{"line":120,"column":3}},"47":{"start":{"line":80,"column":71},"end":{"line":80,"column":79}},"48":{"start":{"line":82,"column":2},"end":{"line":82,"column":53}},"49":{"start":{"line":83,"column":2},"end":{"line":83,"column":55}},"50":{"start":{"line":84,"column":2},"end":{"line":84,"column":49}},"51":{"start":{"line":86,"column":2},"end":{"line":119,"column":3}},"52":{"start":{"line":88,"column":28},"end":{"line":88,"column":52}},"53":{"start":{"line":90,"column":18},"end":{"line":93,"column":5}},"54":{"start":{"line":94,"column":21},"end":{"line":100,"column":6}},"55":{"start":{"line":102,"column":4},"end":{"line":102,"column":51}},"56":{"start":{"line":103,"column":4},"end":{"line":103,"column":57}},"57":{"start":{"line":105,"column":4},"end":{"line":112,"column":7}},"58":{"start":{"line":114,"column":4},"end":{"line":114,"column":60}},"59":{"start":{"line":115,"column":4},"end":{"line":118,"column":7}},"60":{"start":{"line":122,"column":0},"end":{"line":122,"column":40}},"61":{"start":{"line":124,"column":0},"end":{"line":134,"column":3}},"62":{"start":{"line":125,"column":2},"end":{"line":133,"column":3}},"63":{"start":{"line":126,"column":17},"end":{"line":126,"column":69}},"64":{"start":{"line":127,"column":4},"end":{"line":129,"column":5}},"65":{"start":{"line":128,"column":6},"end":{"line":128,"column":65}},"66":{"start":{"line":130,"column":4},"end":{"line":130,"column":19}},"67":{"start":{"line":132,"column":4},"end":{"line":132,"column":54}},"68":{"start":{"line":136,"column":0},"end":{"line":146,"column":3}},"69":{"start":{"line":137,"column":19},"end":{"line":137,"column":29}},"70":{"start":{"line":138,"column":21},"end":{"line":141,"column":5}},"71":{"start":{"line":142,"column":4},"end":{"line":144,"column":5}},"72":{"start":{"line":143,"column":8},"end":{"line":143,"column":69}},"73":{"start":{"line":145,"column":4},"end":{"line":145,"column":21}},"74":{"start":{"line":148,"column":0},"end":{"line":160,"column":3}},"75":{"start":{"line":149,"column":17},"end":{"line":149,"column":27}},"76":{"start":{"line":150,"column":2},"end":{"line":159,"column":3}},"77":{"start":{"line":151,"column":19},"end":{"line":151,"column":132}},"78":{"start":{"line":152,"column":4},"end":{"line":154,"column":5}},"79":{"start":{"line":153,"column":6},"end":{"line":153,"column":78}},"80":{"start":{"line":155,"column":4},"end":{"line":155,"column":21}},"81":{"start":{"line":157,"column":4},"end":{"line":157,"column":62}},"82":{"start":{"line":158,"column":4},"end":{"line":158,"column":63}},"83":{"start":{"line":162,"column":0},"end":{"line":171,"column":3}},"84":{"start":{"line":163,"column":17},"end":{"line":163,"column":27}},"85":{"start":{"line":164,"column":2},"end":{"line":170,"column":3}},"86":{"start":{"line":165,"column":19},"end":{"line":165,"column":146}},"87":{"start":{"line":166,"column":4},"end":{"line":166,"column":52}},"88":{"start":{"line":166,"column":32},"end":{"line":166,"column":49}},"89":{"start":{"line":168,"column":4},"end":{"line":168,"column":63}},"90":{"start":{"line":169,"column":4},"end":{"line":169,"column":63}},"91":{"start":{"line":173,"column":0},"end":{"line":185,"column":3}},"92":{"start":{"line":174,"column":23},"end":{"line":174,"column":33}},"93":{"start":{"line":175,"column":2},"end":{"line":184,"column":3}},"94":{"start":{"line":176,"column":19},"end":{"line":176,"column":124}},"95":{"start":{"line":177,"column":4},"end":{"line":179,"column":5}},"96":{"start":{"line":178,"column":6},"end":{"line":178,"column":92}},"97":{"start":{"line":180,"column":4},"end":{"line":180,"column":21}},"98":{"start":{"line":182,"column":4},"end":{"line":182,"column":71}},"99":{"start":{"line":183,"column":4},"end":{"line":183,"column":63}},"100":{"start":{"line":187,"column":0},"end":{"line":201,"column":3}},"101":{"start":{"line":188,"column":17},"end":{"line":188,"column":27}},"102":{"start":{"line":189,"column":2},"end":{"line":200,"column":3}},"103":{"start":{"line":190,"column":21},"end":{"line":190,"column":54}},"104":{"start":{"line":191,"column":4},"end":{"line":196,"column":7}},"105":{"start":{"line":192,"column":6},"end":{"line":195,"column":7}},"106":{"start":{"line":193,"column":8},"end":{"line":193,"column":56}},"107":{"start":{"line":194,"column":8},"end":{"line":194,"column":70}},"108":{"start":{"line":198,"column":4},"end":{"line":198,"column":56}},"109":{"start":{"line":199,"column":4},"end":{"line":199,"column":63}},"110":{"start":{"line":203,"column":0},"end":{"line":217,"column":3}},"111":{"start":{"line":204,"column":28},"end":{"line":204,"column":38}},"112":{"start":{"line":205,"column":2},"end":{"line":216,"column":3}},"113":{"start":{"line":206,"column":21},"end":{"line":206,"column":88}},"114":{"start":{"line":207,"column":4},"end":{"line":212,"column":7}},"115":{"start":{"line":208,"column":6},"end":{"line":211,"column":7}},"116":{"start":{"line":209,"column":8},"end":{"line":209,"column":62}},"117":{"start":{"line":210,"column":8},"end":{"line":210,"column":76}},"118":{"start":{"line":214,"column":4},"end":{"line":214,"column":57}},"119":{"start":{"line":215,"column":4},"end":{"line":215,"column":63}},"120":{"start":{"line":220,"column":0},"end":{"line":233,"column":3}},"121":{"start":{"line":221,"column":2},"end":{"line":232,"column":3}},"122":{"start":{"line":222,"column":38},"end":{"line":222,"column":47}},"123":{"start":{"line":223,"column":21},"end":{"line":223,"column":39}},"124":{"start":{"line":226,"column":23},"end":{"line":226,"column":127}},"125":{"start":{"line":228,"column":6},"end":{"line":228,"column":27}},"126":{"start":{"line":230,"column":6},"end":{"line":230,"column":53}},"127":{"start":{"line":231,"column":6},"end":{"line":231,"column":65}},"128":{"start":{"line":235,"column":0},"end":{"line":258,"column":3}},"129":{"start":{"line":236,"column":35},"end":{"line":236,"column":43}},"130":{"start":{"line":238,"column":2},"end":{"line":238,"column":77}},"131":{"start":{"line":240,"column":2},"end":{"line":243,"column":3}},"132":{"start":{"line":241,"column":4},"end":{"line":241,"column":54}},"133":{"start":{"line":242,"column":4},"end":{"line":242,"column":70}},"134":{"start":{"line":245,"column":16},"end":{"line":245,"column":86}},"135":{"start":{"line":246,"column":2},"end":{"line":257,"column":5}},"136":{"start":{"line":247,"column":4},"end":{"line":253,"column":5}},"137":{"start":{"line":248,"column":6},"end":{"line":248,"column":53}},"138":{"start":{"line":249,"column":6},"end":{"line":252,"column":9}},"139":{"start":{"line":255,"column":4},"end":{"line":255,"column":49}},"140":{"start":{"line":256,"column":4},"end":{"line":256,"column":67}},"141":{"start":{"line":262,"column":21},"end":{"line":262,"column":46}},"142":{"start":{"line":264,"column":2},"end":{"line":267,"column":3}},"143":{"start":{"line":265,"column":4},"end":{"line":265,"column":52}},"144":{"start":{"line":266,"column":4},"end":{"line":266,"column":59}},"145":{"start":{"line":269,"column":16},"end":{"line":269,"column":40}},"146":{"start":{"line":270,"column":2},"end":{"line":270,"column":65}},"147":{"start":{"line":272,"column":2},"end":{"line":284,"column":3}},"148":{"start":{"line":274,"column":4},"end":{"line":275,"column":80}},"149":{"start":{"line":277,"column":20},"end":{"line":277,"column":61}},"150":{"start":{"line":278,"column":4},"end":{"line":278,"column":82}},"151":{"start":{"line":279,"column":4},"end":{"line":279,"column":23}},"152":{"start":{"line":280,"column":4},"end":{"line":280,"column":11}},"153":{"start":{"line":282,"column":4},"end":{"line":282,"column":61}},"154":{"start":{"line":283,"column":4},"end":{"line":283,"column":60}},"155":{"start":{"line":287,"column":13},"end":{"line":287,"column":37}},"156":{"start":{"line":288,"column":15},"end":{"line":288,"column":84}},"157":{"start":{"line":288,"column":38},"end":{"line":288,"column":83}},"158":{"start":{"line":290,"column":0},"end":{"line":290,"column":24}}},"fnMap":{"0":{"name":"(anonymous_0)","decl":{"start":{"line":21,"column":15},"end":{"line":21,"column":16}},"loc":{"start":{"line":21,"column":34},"end":{"line":23,"column":3}},"line":21},"1":{"name":"(anonymous_1)","decl":{"start":{"line":24,"column":12},"end":{"line":24,"column":13}},"loc":{"start":{"line":24,"column":31},"end":{"line":26,"column":3}},"line":24},"2":{"name":"(anonymous_2)","decl":{"start":{"line":32,"column":14},"end":{"line":32,"column":15}},"loc":{"start":{"line":32,"column":33},"end":{"line":38,"column":3}},"line":32},"3":{"name":"(anonymous_3)","decl":{"start":{"line":54,"column":21},"end":{"line":54,"column":22}},"loc":{"start":{"line":54,"column":35},"end":{"line":56,"column":1}},"line":54},"4":{"name":"(anonymous_4)","decl":{"start":{"line":69,"column":28},"end":{"line":69,"column":29}},"loc":{"start":{"line":69,"column":48},"end":{"line":77,"column":1}},"line":69},"5":{"name":"(anonymous_5)","decl":{"start":{"line":79,"column":50},"end":{"line":79,"column":51}},"loc":{"start":{"line":79,"column":70},"end":{"line":120,"column":1}},"line":79},"6":{"name":"(anonymous_6)","decl":{"start":{"line":124,"column":42},"end":{"line":124,"column":43}},"loc":{"start":{"line":124,"column":62},"end":{"line":134,"column":1}},"line":124},"7":{"name":"(anonymous_7)","decl":{"start":{"line":136,"column":38},"end":{"line":136,"column":39}},"loc":{"start":{"line":136,"column":58},"end":{"line":146,"column":1}},"line":136},"8":{"name":"(anonymous_8)","decl":{"start":{"line":148,"column":38},"end":{"line":148,"column":39}},"loc":{"start":{"line":148,"column":58},"end":{"line":160,"column":1}},"line":148},"9":{"name":"(anonymous_9)","decl":{"start":{"line":162,"column":39},"end":{"line":162,"column":40}},"loc":{"start":{"line":162,"column":59},"end":{"line":171,"column":1}},"line":162},"10":{"name":"(anonymous_10)","decl":{"start":{"line":166,"column":24},"end":{"line":166,"column":25}},"loc":{"start":{"line":166,"column":32},"end":{"line":166,"column":49}},"line":166},"11":{"name":"(anonymous_11)","decl":{"start":{"line":173,"column":44},"end":{"line":173,"column":45}},"loc":{"start":{"line":173,"column":64},"end":{"line":185,"column":1}},"line":173},"12":{"name":"(anonymous_12)","decl":{"start":{"line":187,"column":41},"end":{"line":187,"column":42}},"loc":{"start":{"line":187,"column":61},"end":{"line":201,"column":1}},"line":187},"13":{"name":"(anonymous_13)","decl":{"start":{"line":191,"column":58},"end":{"line":191,"column":59}},"loc":{"start":{"line":191,"column":67},"end":{"line":196,"column":5}},"line":191},"14":{"name":"(anonymous_14)","decl":{"start":{"line":203,"column":53},"end":{"line":203,"column":54}},"loc":{"start":{"line":203,"column":73},"end":{"line":217,"column":1}},"line":203},"15":{"name":"(anonymous_15)","decl":{"start":{"line":207,"column":66},"end":{"line":207,"column":67}},"loc":{"start":{"line":207,"column":75},"end":{"line":212,"column":5}},"line":207},"16":{"name":"(anonymous_16)","decl":{"start":{"line":220,"column":27},"end":{"line":220,"column":28}},"loc":{"start":{"line":220,"column":47},"end":{"line":233,"column":1}},"line":220},"17":{"name":"(anonymous_17)","decl":{"start":{"line":235,"column":25},"end":{"line":235,"column":26}},"loc":{"start":{"line":235,"column":39},"end":{"line":258,"column":1}},"line":235},"18":{"name":"(anonymous_18)","decl":{"start":{"line":246,"column":50},"end":{"line":246,"column":51}},"loc":{"start":{"line":246,"column":67},"end":{"line":257,"column":3}},"line":246},"19":{"name":"authenticateUser","decl":{"start":{"line":261,"column":9},"end":{"line":261,"column":25}},"loc":{"start":{"line":261,"column":42},"end":{"line":285,"column":1}},"line":261},"20":{"name":"(anonymous_20)","decl":{"start":{"line":288,"column":32},"end":{"line":288,"column":33}},"loc":{"start":{"line":288,"column":38},"end":{"line":288,"column":83}},"line":288}},"branchMap":{"0":{"loc":{"start":{"line":33,"column":4},"end":{"line":37,"column":5}},"type":"if","locations":[{"start":{"line":33,"column":4},"end":{"line":37,"column":5}},{"start":{"line":35,"column":11},"end":{"line":37,"column":5}}],"line":33},"1":{"loc":{"start":{"line":127,"column":4},"end":{"line":129,"column":5}},"type":"if","locations":[{"start":{"line":127,"column":4},"end":{"line":129,"column":5}},{"start":{},"end":{}}],"line":127},"2":{"loc":{"start":{"line":142,"column":4},"end":{"line":144,"column":5}},"type":"if","locations":[{"start":{"line":142,"column":4},"end":{"line":144,"column":5}},{"start":{},"end":{}}],"line":142},"3":{"loc":{"start":{"line":152,"column":4},"end":{"line":154,"column":5}},"type":"if","locations":[{"start":{"line":152,"column":4},"end":{"line":154,"column":5}},{"start":{},"end":{}}],"line":152},"4":{"loc":{"start":{"line":177,"column":4},"end":{"line":179,"column":5}},"type":"if","locations":[{"start":{"line":177,"column":4},"end":{"line":179,"column":5}},{"start":{},"end":{}}],"line":177},"5":{"loc":{"start":{"line":192,"column":6},"end":{"line":195,"column":7}},"type":"if","locations":[{"start":{"line":192,"column":6},"end":{"line":195,"column":7}},{"start":{},"end":{}}],"line":192},"6":{"loc":{"start":{"line":208,"column":6},"end":{"line":211,"column":7}},"type":"if","locations":[{"start":{"line":208,"column":6},"end":{"line":211,"column":7}},{"start":{},"end":{}}],"line":208},"7":{"loc":{"start":{"line":222,"column":14},"end":{"line":222,"column":22}},"type":"default-arg","locations":[{"start":{"line":222,"column":21},"end":{"line":222,"column":22}}],"line":222},"8":{"loc":{"start":{"line":222,"column":24},"end":{"line":222,"column":33}},"type":"default-arg","locations":[{"start":{"line":222,"column":32},"end":{"line":222,"column":33}}],"line":222},"9":{"loc":{"start":{"line":240,"column":2},"end":{"line":243,"column":3}},"type":"if","locations":[{"start":{"line":240,"column":2},"end":{"line":243,"column":3}},{"start":{},"end":{}}],"line":240},"10":{"loc":{"start":{"line":240,"column":6},"end":{"line":240,"column":33}},"type":"binary-expr","locations":[{"start":{"line":240,"column":6},"end":{"line":240,"column":11}},{"start":{"line":240,"column":15},"end":{"line":240,"column":21}},{"start":{"line":240,"column":25},"end":{"line":240,"column":33}}],"line":240},"11":{"loc":{"start":{"line":247,"column":4},"end":{"line":253,"column":5}},"type":"if","locations":[{"start":{"line":247,"column":4},"end":{"line":253,"column":5}},{"start":{},"end":{}}],"line":247},"12":{"loc":{"start":{"line":264,"column":2},"end":{"line":267,"column":3}},"type":"if","locations":[{"start":{"line":264,"column":2},"end":{"line":267,"column":3}},{"start":{},"end":{}}],"line":264},"13":{"loc":{"start":{"line":264,"column":6},"end":{"line":264,"column":54}},"type":"binary-expr","locations":[{"start":{"line":264,"column":6},"end":{"line":264,"column":17}},{"start":{"line":264,"column":21},"end":{"line":264,"column":54}}],"line":264},"14":{"loc":{"start":{"line":274,"column":33},"end":{"line":275,"column":78}},"type":"cond-expr","locations":[{"start":{"line":275,"column":16},"end":{"line":275,"column":62}},{"start":{"line":275,"column":65},"end":{"line":275,"column":78}}],"line":274},"15":{"loc":{"start":{"line":278,"column":57},"end":{"line":278,"column":80}},"type":"binary-expr","locations":[{"start":{"line":278,"column":57},"end":{"line":278,"column":67}},{"start":{"line":278,"column":71},"end":{"line":278,"column":80}}],"line":278},"16":{"loc":{"start":{"line":287,"column":13},"end":{"line":287,"column":37}},"type":"binary-expr","locations":[{"start":{"line":287,"column":13},"end":{"line":287,"column":29}},{"start":{"line":287,"column":33},"end":{"line":287,"column":37}}],"line":287}},"s":{"0":3,"1":3,"2":3,"3":3,"4":3,"5":3,"6":3,"7":3,"8":3,"9":3,"10":3,"11":3,"12":3,"13":3,"14":3,"15":3,"16":3,"17":0,"18":0,"19":3,"20":0,"21":0,"22":0,"23":3,"24":3,"25":3,"26":3,"27":3,"28":3,"29":3,"30":3,"31":3,"32":3,"33":1,"34":3,"35":3,"36":3,"37":3,"38":3,"39":3,"40":3,"41":1,"42":1,"43":1,"44":0,"45":0,"46":3,"47":0,"48":0,"49":0,"50":0,"51":0,"52":0,"53":0,"54":0,"55":0,"56":0,"57":0,"58":0,"59":0,"60":3,"61":3,"62":0,"63":0,"64":0,"65":0,"66":0,"67":0,"68":3,"69":0,"70":0,"71":0,"72":0,"73":0,"74":3,"75":0,"76":0,"77":0,"78":0,"79":0,"80":0,"81":0,"82":0,"83":3,"84":0,"85":0,"86":0,"87":0,"88":0,"89":0,"90":0,"91":3,"92":0,"93":0,"94":0,"95":0,"96":0,"97":0,"98":0,"99":0,"100":3,"101":0,"102":0,"103":0,"104":0,"105":0,"106":0,"107":0,"108":0,"109":0,"110":3,"111":0,"112":0,"113":0,"114":0,"115":0,"116":0,"117":0,"118":0,"119":0,"120":3,"121":0,"122":0,"123":0,"124":0,"125":0,"126":0,"127":0,"128":3,"129":0,"130":0,"131":0,"132":0,"133":0,"134":0,"135":0,"136":0,"137":0,"138":0,"139":0,"140":0,"141":0,"142":0,"143":0,"144":0,"145":0,"146":0,"147":0,"148":0,"149":0,"150":0,"151":0,"152":0,"153":0,"154":0,"155":3,"156":3,"157":3,"158":3},"f":{"0":0,"1":0,"2":0,"3":1,"4":1,"5":0,"6":0,"7":0,"8":0,"9":0,"10":0,"11":0,"12":0,"13":0,"14":0,"15":0,"16":0,"17":0,"18":0,"19":0,"20":3},"b":{"0":[0,0],"1":[0,0],"2":[0,0],"3":[0,0],"4":[0,0],"5":[0,0],"6":[0,0],"7":[0],"8":[0],"9":[0,0],"10":[0,0,0],"11":[0,0],"12":[0,0],"13":[0,0],"14":[0,0],"15":[0,0],"16":[3,0]},"_coverageSchema":"1a1c01bbd47fc00a2c39e90264f33305004495a9","hash":"512a5ded761397a8ea3557223770361dcacbd9c3"}
,"C:\\Users\\Lenovo\\Capstone-Project\\skills-assess-backend\\config\\db.js": {"path":"C:\\Users\\Lenovo\\Capstone-Project\\skills-assess-backend\\config\\db.js","statementMap":{"0":{"start":{"line":1,"column":14},"end":{"line":1,"column":39}},"1":{"start":{"line":2,"column":0},"end":{"line":2,"column":27}},"2":{"start":{"line":4,"column":13},"end":{"line":13,"column":2}},"3":{"start":{"line":15,"column":0},"end":{"line":17,"column":66}},"4":{"start":{"line":16,"column":14},"end":{"line":16,"column":60}},"5":{"start":{"line":17,"column":16},"end":{"line":17,"column":64}},"6":{"start":{"line":19,"column":0},"end":{"line":19,"column":22}}},"fnMap":{"0":{"name":"(anonymous_0)","decl":{"start":{"line":16,"column":8},"end":{"line":16,"column":9}},"loc":{"start":{"line":16,"column":14},"end":{"line":16,"column":60}},"line":16},"1":{"name":"(anonymous_1)","decl":{"start":{"line":17,"column":9},"end":{"line":17,"column":10}},"loc":{"start":{"line":17,"column":16},"end":{"line":17,"column":64}},"line":17}},"branchMap":{"0":{"loc":{"start":{"line":5,"column":8},"end":{"line":5,"column":42}},"type":"binary-expr","locations":[{"start":{"line":5,"column":8},"end":{"line":5,"column":27}},{"start":{"line":5,"column":31},"end":{"line":5,"column":42}}],"line":5},"1":{"loc":{"start":{"line":6,"column":8},"end":{"line":6,"column":37}},"type":"binary-expr","locations":[{"start":{"line":6,"column":8},"end":{"line":6,"column":27}},{"start":{"line":6,"column":31},"end":{"line":6,"column":37}}],"line":6},"2":{"loc":{"start":{"line":7,"column":12},"end":{"line":7,"column":53}},"type":"binary-expr","locations":[{"start":{"line":7,"column":12},"end":{"line":7,"column":35}},{"start":{"line":7,"column":39},"end":{"line":7,"column":53}}],"line":7},"3":{"loc":{"start":{"line":8,"column":12},"end":{"line":8,"column":48}},"type":"binary-expr","locations":[{"start":{"line":8,"column":12},"end":{"line":8,"column":31}},{"start":{"line":8,"column":35},"end":{"line":8,"column":48}}],"line":8}},"s":{"0":2,"1":2,"2":2,"3":2,"4":2,"5":0,"6":2},"f":{"0":2,"1":0},"b":{"0":[2,0],"1":[2,0],"2":[2,0],"3":[2,0]},"_coverageSchema":"1a1c01bbd47fc00a2c39e90264f33305004495a9","hash":"5cb1e4d52e8c0ac666e20c2160c023cf41fb4f56"}
,"C:\\Users\\Lenovo\\Capstone-Project\\skills-assess-backend\\controllers\\assessmentController.js": {"path":"C:\\Users\\Lenovo\\Capstone-Project\\skills-assess-backend\\controllers\\assessmentController.js","statementMap":{"0":{"start":{"line":1,"column":11},"end":{"line":1,"column":34}},"1":{"start":{"line":4,"column":26},"end":{"line":14,"column":1}},"2":{"start":{"line":5,"column":2},"end":{"line":13,"column":3}},"3":{"start":{"line":6,"column":26},"end":{"line":6,"column":69}},"4":{"start":{"line":9,"column":4},"end":{"line":9,"column":52}},"5":{"start":{"line":11,"column":4},"end":{"line":11,"column":56}},"6":{"start":{"line":12,"column":4},"end":{"line":12,"column":63}},"7":{"start":{"line":16,"column":0},"end":{"line":16,"column":39}}},"fnMap":{"0":{"name":"(anonymous_0)","decl":{"start":{"line":4,"column":26},"end":{"line":4,"column":27}},"loc":{"start":{"line":4,"column":46},"end":{"line":14,"column":1}},"line":4}},"branchMap":{"0":{"loc":{"start":{"line":9,"column":13},"end":{"line":9,"column":50}},"type":"cond-expr","locations":[{"start":{"line":9,"column":34},"end":{"line":9,"column":45}},{"start":{"line":9,"column":48},"end":{"line":9,"column":50}}],"line":9}},"s":{"0":3,"1":3,"2":0,"3":0,"4":0,"5":0,"6":0,"7":3},"f":{"0":0},"b":{"0":[0,0]},"_coverageSchema":"1a1c01bbd47fc00a2c39e90264f33305004495a9","hash":"47aa339a2dc4c2874102f8a099be041a498fcc81"}
,"C:\\Users\\Lenovo\\Capstone-Project\\skills-assess-backend\\controllers\\assessmentReportController.js": {"path":"C:\\Users\\Lenovo\\Capstone-Project\\skills-assess-backend\\controllers\\assessmentReportController.js","statementMap":{"0":{"start":{"line":3,"column":13},"end":{"line":3,"column":36}},"1":{"start":{"line":5,"column":41},"end":{"line":72,"column":3}},"2":{"start":{"line":6,"column":4},"end":{"line":71,"column":5}},"3":{"start":{"line":8,"column":35},"end":{"line":21,"column":7}},"4":{"start":{"line":23,"column":31},"end":{"line":23,"column":89}},"5":{"start":{"line":25,"column":6},"end":{"line":27,"column":7}},"6":{"start":{"line":26,"column":8},"end":{"line":26,"column":48}},"7":{"start":{"line":29,"column":25},"end":{"line":29,"column":42}},"8":{"start":{"line":30,"column":23},"end":{"line":30,"column":57}},"9":{"start":{"line":33,"column":32},"end":{"line":45,"column":7}},"10":{"start":{"line":47,"column":27},"end":{"line":57,"column":7}},"11":{"start":{"line":59,"column":6},"end":{"line":59,"column":65}},"12":{"start":{"line":61,"column":23},"end":{"line":61,"column":72}},"13":{"start":{"line":63,"column":6},"end":{"line":67,"column":8}},"14":{"start":{"line":69,"column":6},"end":{"line":69,"column":73}},"15":{"start":{"line":70,"column":6},"end":{"line":70,"column":18}},"16":{"start":{"line":76,"column":27},"end":{"line":80,"column":3}},"17":{"start":{"line":77,"column":4},"end":{"line":77,"column":76}},"18":{"start":{"line":77,"column":20},"end":{"line":77,"column":76}},"19":{"start":{"line":78,"column":4},"end":{"line":78,"column":75}},"20":{"start":{"line":78,"column":20},"end":{"line":78,"column":75}},"21":{"start":{"line":79,"column":4},"end":{"line":79,"column":71}},"22":{"start":{"line":82,"column":0},"end":{"line":82,"column":54}}},"fnMap":{"0":{"name":"(anonymous_0)","decl":{"start":{"line":5,"column":41},"end":{"line":5,"column":42}},"loc":{"start":{"line":5,"column":69},"end":{"line":72,"column":3}},"line":5},"1":{"name":"(anonymous_1)","decl":{"start":{"line":76,"column":27},"end":{"line":76,"column":28}},"loc":{"start":{"line":76,"column":38},"end":{"line":80,"column":3}},"line":76}},"branchMap":{"0":{"loc":{"start":{"line":25,"column":6},"end":{"line":27,"column":7}},"type":"if","locations":[{"start":{"line":25,"column":6},"end":{"line":27,"column":7}},{"start":{},"end":{}}],"line":25},"1":{"loc":{"start":{"line":77,"column":4},"end":{"line":77,"column":76}},"type":"if","locations":[{"start":{"line":77,"column":4},"end":{"line":77,"column":76}},{"start":{},"end":{}}],"line":77},"2":{"loc":{"start":{"line":78,"column":4},"end":{"line":78,"column":75}},"type":"if","locations":[{"start":{"line":78,"column":4},"end":{"line":78,"column":75}},{"start":{},"end":{}}],"line":78}},"s":{"0":3,"1":3,"2":1,"3":1,"4":1,"5":0,"6":0,"7":0,"8":0,"9":0,"10":0,"11":0,"12":0,"13":0,"14":1,"15":1,"16":3,"17":0,"18":0,"19":0,"20":0,"21":0,"22":3},"f":{"0":1,"1":0},"b":{"0":[0,0],"1":[0,0],"2":[0,0]},"_coverageSchema":"1a1c01bbd47fc00a2c39e90264f33305004495a9","hash":"d970a9b04119b1961aae833353aaeb4f1f3a6d67"}
,"C:\\Users\\Lenovo\\Capstone-Project\\skills-assess-backend\\controllers\\leaderboardController.js": {"path":"C:\\Users\\Lenovo\\Capstone-Project\\skills-assess-backend\\controllers\\leaderboardController.js","statementMap":{"0":{"start":{"line":2,"column":14},"end":{"line":2,"column":39}},"1":{"start":{"line":3,"column":13},"end":{"line":3,"column":36}},"2":{"start":{"line":6,"column":30},"end":{"line":34,"column":1}},"3":{"start":{"line":7,"column":2},"end":{"line":33,"column":3}},"4":{"start":{"line":8,"column":22},"end":{"line":19,"column":6}},"5":{"start":{"line":22,"column":29},"end":{"line":27,"column":7}},"6":{"start":{"line":22,"column":52},"end":{"line":27,"column":5}},"7":{"start":{"line":29,"column":4},"end":{"line":29,"column":31}},"8":{"start":{"line":31,"column":4},"end":{"line":31,"column":64}},"9":{"start":{"line":32,"column":4},"end":{"line":32,"column":67}},"10":{"start":{"line":37,"column":32},"end":{"line":80,"column":1}},"11":{"start":{"line":38,"column":2},"end":{"line":79,"column":3}},"12":{"start":{"line":40,"column":26},"end":{"line":43,"column":6}},"13":{"start":{"line":46,"column":30},"end":{"line":73,"column":7}},"14":{"start":{"line":47,"column":28},"end":{"line":58,"column":28}},"15":{"start":{"line":61,"column":35},"end":{"line":66,"column":9}},"16":{"start":{"line":61,"column":62},"end":{"line":66,"column":7}},"17":{"start":{"line":68,"column":6},"end":{"line":72,"column":8}},"18":{"start":{"line":75,"column":4},"end":{"line":75,"column":32}},"19":{"start":{"line":77,"column":4},"end":{"line":77,"column":67}},"20":{"start":{"line":78,"column":4},"end":{"line":78,"column":74}},"21":{"start":{"line":83,"column":23},"end":{"line":134,"column":1}},"22":{"start":{"line":84,"column":2},"end":{"line":133,"column":3}},"23":{"start":{"line":86,"column":19},"end":{"line":86,"column":30}},"24":{"start":{"line":88,"column":4},"end":{"line":90,"column":5}},"25":{"start":{"line":89,"column":6},"end":{"line":89,"column":66}},"26":{"start":{"line":93,"column":31},"end":{"line":107,"column":16}},"27":{"start":{"line":110,"column":35},"end":{"line":114,"column":16}},"28":{"start":{"line":117,"column":4},"end":{"line":117,"column":36}},"29":{"start":{"line":118,"column":4},"end":{"line":118,"column":57}},"30":{"start":{"line":119,"column":4},"end":{"line":119,"column":65}},"31":{"start":{"line":121,"column":24},"end":{"line":125,"column":5}},"32":{"start":{"line":127,"column":4},"end":{"line":127,"column":46}},"33":{"start":{"line":129,"column":4},"end":{"line":129,"column":26}},"34":{"start":{"line":131,"column":4},"end":{"line":131,"column":57}},"35":{"start":{"line":132,"column":4},"end":{"line":132,"column":68}},"36":{"start":{"line":136,"column":0},"end":{"line":140,"column":2}}},"fnMap":{"0":{"name":"(anonymous_0)","decl":{"start":{"line":6,"column":30},"end":{"line":6,"column":31}},"loc":{"start":{"line":6,"column":50},"end":{"line":34,"column":1}},"line":6},"1":{"name":"(anonymous_1)","decl":{"start":{"line":22,"column":41},"end":{"line":22,"column":42}},"loc":{"start":{"line":22,"column":52},"end":{"line":27,"column":5}},"line":22},"2":{"name":"(anonymous_2)","decl":{"start":{"line":37,"column":32},"end":{"line":37,"column":33}},"loc":{"start":{"line":37,"column":52},"end":{"line":80,"column":1}},"line":37},"3":{"name":"(anonymous_3)","decl":{"start":{"line":46,"column":64},"end":{"line":46,"column":65}},"loc":{"start":{"line":46,"column":86},"end":{"line":73,"column":5}},"line":46},"4":{"name":"(anonymous_4)","decl":{"start":{"line":61,"column":51},"end":{"line":61,"column":52}},"loc":{"start":{"line":61,"column":62},"end":{"line":66,"column":7}},"line":61},"5":{"name":"(anonymous_5)","decl":{"start":{"line":83,"column":23},"end":{"line":83,"column":24}},"loc":{"start":{"line":83,"column":43},"end":{"line":134,"column":1}},"line":83}},"branchMap":{"0":{"loc":{"start":{"line":25,"column":14},"end":{"line":25,"column":52}},"type":"binary-expr","locations":[{"start":{"line":25,"column":14},"end":{"line":25,"column":27}},{"start":{"line":25,"column":31},"end":{"line":25,"column":52}}],"line":25},"1":{"loc":{"start":{"line":64,"column":16},"end":{"line":64,"column":54}},"type":"binary-expr","locations":[{"start":{"line":64,"column":16},"end":{"line":64,"column":29}},{"start":{"line":64,"column":33},"end":{"line":64,"column":54}}],"line":64},"2":{"loc":{"start":{"line":88,"column":4},"end":{"line":90,"column":5}},"type":"if","locations":[{"start":{"line":88,"column":4},"end":{"line":90,"column":5}},{"start":{},"end":{}}],"line":88},"3":{"loc":{"start":{"line":122,"column":18},"end":{"line":122,"column":114}},"type":"cond-expr","locations":[{"start":{"line":122,"column":52},"end":{"line":122,"column":105}},{"start":{"line":122,"column":108},"end":{"line":122,"column":114}}],"line":122},"4":{"loc":{"start":{"line":123,"column":18},"end":{"line":123,"column":58}},"type":"binary-expr","locations":[{"start":{"line":123,"column":18},"end":{"line":123,"column":49}},{"start":{"line":123,"column":53},"end":{"line":123,"column":58}}],"line":123}},"s":{"0":3,"1":3,"2":3,"3":0,"4":0,"5":0,"6":0,"7":0,"8":0,"9":0,"10":3,"11":0,"12":0,"13":0,"14":0,"15":0,"16":0,"17":0,"18":0,"19":0,"20":0,"21":3,"22":0,"23":0,"24":0,"25":0,"26":0,"27":0,"28":0,"29":0,"30":0,"31":0,"32":0,"33":0,"34":0,"35":0,"36":3},"f":{"0":0,"1":0,"2":0,"3":0,"4":0,"5":0},"b":{"0":[0,0],"1":[0,0],"2":[0,0],"3":[0,0],"4":[0,0]},"_coverageSchema":"1a1c01bbd47fc00a2c39e90264f33305004495a9","hash":"6689ed5861fb80a7f897e88e57e6131e730c8af5"}
,"C:\\Users\\Lenovo\\Capstone-Project\\skills-assess-backend\\middleware\\auth.js": {"path":"C:\\Users\\Lenovo\\Capstone-Project\\skills-assess-backend\\middleware\\auth.js","statementMap":{"0":{"start":{"line":2,"column":12},"end":{"line":2,"column":35}},"1":{"start":{"line":4,"column":0},"end":{"line":32,"column":2}},"2":{"start":{"line":6,"column":21},"end":{"line":6,"column":48}},"3":{"start":{"line":7,"column":16},"end":{"line":7,"column":88}},"4":{"start":{"line":10,"column":2},"end":{"line":12,"column":3}},"5":{"start":{"line":11,"column":4},"end":{"line":11,"column":79}},"6":{"start":{"line":14,"column":2},"end":{"line":31,"column":3}},"7":{"start":{"line":16,"column":19},"end":{"line":16,"column":62}},"8":{"start":{"line":17,"column":4},"end":{"line":17,"column":65}},"9":{"start":{"line":19,"column":20},"end":{"line":19,"column":45}},"10":{"start":{"line":20,"column":4},"end":{"line":20,"column":87}},"11":{"start":{"line":23,"column":4},"end":{"line":25,"column":6}},"12":{"start":{"line":27,"column":4},"end":{"line":27,"column":11}},"13":{"start":{"line":29,"column":4},"end":{"line":29,"column":61}},"14":{"start":{"line":30,"column":4},"end":{"line":30,"column":60}}},"fnMap":{"0":{"name":"(anonymous_0)","decl":{"start":{"line":4,"column":17},"end":{"line":4,"column":18}},"loc":{"start":{"line":4,"column":37},"end":{"line":32,"column":1}},"line":4}},"branchMap":{"0":{"loc":{"start":{"line":7,"column":16},"end":{"line":7,"column":88}},"type":"cond-expr","locations":[{"start":{"line":7,"column":52},"end":{"line":7,"column":75}},{"start":{"line":7,"column":78},"end":{"line":7,"column":88}}],"line":7},"1":{"loc":{"start":{"line":10,"column":2},"end":{"line":12,"column":3}},"type":"if","locations":[{"start":{"line":10,"column":2},"end":{"line":12,"column":3}},{"start":{},"end":{}}],"line":10},"2":{"loc":{"start":{"line":16,"column":19},"end":{"line":16,"column":62}},"type":"binary-expr","locations":[{"start":{"line":16,"column":19},"end":{"line":16,"column":41}},{"start":{"line":16,"column":45},"end":{"line":16,"column":62}}],"line":16},"3":{"loc":{"start":{"line":20,"column":57},"end":{"line":20,"column":85}},"type":"binary-expr","locations":[{"start":{"line":20,"column":57},"end":{"line":20,"column":67}},{"start":{"line":20,"column":71},"end":{"line":20,"column":85}}],"line":20},"4":{"loc":{"start":{"line":24,"column":10},"end":{"line":24,"column":38}},"type":"binary-expr","locations":[{"start":{"line":24,"column":10},"end":{"line":24,"column":20}},{"start":{"line":24,"column":24},"end":{"line":24,"column":38}}],"line":24}},"s":{"0":3,"1":3,"2":4,"3":4,"4":4,"5":1,"6":3,"7":3,"8":3,"9":3,"10":1,"11":1,"12":1,"13":2,"14":2},"f":{"0":4},"b":{"0":[3,1],"1":[1,3],"2":[3,0],"3":[1,1],"4":[1,1]},"_coverageSchema":"1a1c01bbd47fc00a2c39e90264f33305004495a9","hash":"0a16ff62838b5ae4ed5a22fbdc40bb81b158a5a1"}
,"C:\\Users\\Lenovo\\Capstone-Project\\skills-assess-backend\\models\\AssessmentModel.js": {"path":"C:\\Users\\Lenovo\\Capstone-Project\\skills-assess-backend\\models\\AssessmentModel.js","statementMap":{"0":{"start":{"line":1,"column":11},"end":{"line":1,"column":34}},"1":{"start":{"line":5,"column":16},"end":{"line":5,"column":76}},"2":{"start":{"line":6,"column":21},"end":{"line":6,"column":64}},"3":{"start":{"line":7,"column":4},"end":{"line":7,"column":27}},"4":{"start":{"line":11,"column":16},"end":{"line":11,"column":43}},"5":{"start":{"line":12,"column":19},"end":{"line":12,"column":40}},"6":{"start":{"line":13,"column":4},"end":{"line":13,"column":16}},"7":{"start":{"line":17,"column":16},"end":{"line":17,"column":56}},"8":{"start":{"line":18,"column":19},"end":{"line":18,"column":46}},"9":{"start":{"line":19,"column":4},"end":{"line":19,"column":19}},"10":{"start":{"line":23,"column":16},"end":{"line":23,"column":115}},"11":{"start":{"line":24,"column":21},"end":{"line":24,"column":115}},"12":{"start":{"line":25,"column":4},"end":{"line":25,"column":27}},"13":{"start":{"line":29,"column":16},"end":{"line":29,"column":65}},"14":{"start":{"line":30,"column":19},"end":{"line":30,"column":57}},"15":{"start":{"line":31,"column":4},"end":{"line":31,"column":16}},"16":{"start":{"line":36,"column":31},"end":{"line":50,"column":1}},"17":{"start":{"line":37,"column":2},"end":{"line":49,"column":3}},"18":{"start":{"line":38,"column":20},"end":{"line":43,"column":7}},"19":{"start":{"line":44,"column":21},"end":{"line":44,"column":54}},"20":{"start":{"line":45,"column":6},"end":{"line":45,"column":18}},"21":{"start":{"line":47,"column":6},"end":{"line":47,"column":58}},"22":{"start":{"line":48,"column":6},"end":{"line":48,"column":52}},"23":{"start":{"line":52,"column":0},"end":{"line":52,"column":56}},"24":{"start":{"line":54,"column":0},"end":{"line":54,"column":28}}},"fnMap":{"0":{"name":"(anonymous_0)","decl":{"start":{"line":4,"column":2},"end":{"line":4,"column":3}},"loc":{"start":{"line":4,"column":52},"end":{"line":8,"column":3}},"line":4},"1":{"name":"(anonymous_1)","decl":{"start":{"line":10,"column":2},"end":{"line":10,"column":3}},"loc":{"start":{"line":10,"column":35},"end":{"line":14,"column":3}},"line":10},"2":{"name":"(anonymous_2)","decl":{"start":{"line":16,"column":2},"end":{"line":16,"column":3}},"loc":{"start":{"line":16,"column":37},"end":{"line":20,"column":3}},"line":16},"3":{"name":"(anonymous_3)","decl":{"start":{"line":22,"column":2},"end":{"line":22,"column":3}},"loc":{"start":{"line":22,"column":82},"end":{"line":26,"column":3}},"line":22},"4":{"name":"(anonymous_4)","decl":{"start":{"line":28,"column":2},"end":{"line":28,"column":3}},"loc":{"start":{"line":28,"column":57},"end":{"line":32,"column":3}},"line":28},"5":{"name":"(anonymous_5)","decl":{"start":{"line":36,"column":31},"end":{"line":36,"column":32}},"loc":{"start":{"line":36,"column":49},"end":{"line":50,"column":1}},"line":36}},"branchMap":{},"s":{"0":3,"1":0,"2":0,"3":0,"4":0,"5":0,"6":0,"7":0,"8":0,"9":0,"10":0,"11":0,"12":0,"13":0,"14":0,"15":0,"16":3,"17":0,"18":0,"19":0,"20":0,"21":0,"22":0,"23":3,"24":3},"f":{"0":0,"1":0,"2":0,"3":0,"4":0,"5":0},"b":{},"_coverageSchema":"1a1c01bbd47fc00a2c39e90264f33305004495a9","hash":"74655f23bd8dd6fa2c8913184ee3097d70d97c31"}
,"C:\\Users\\Lenovo\\Capstone-Project\\skills-assess-backend\\models\\UserModel.js": {"path":"C:\\Users\\Lenovo\\Capstone-Project\\skills-assess-backend\\models\\UserModel.js","statementMap":{"0":{"start":{"line":2,"column":11},"end":{"line":2,"column":34}},"1":{"start":{"line":6,"column":16},"end":{"line":6,"column":76}},"2":{"start":{"line":7,"column":21},"end":{"line":7,"column":67}},"3":{"start":{"line":8,"column":4},"end":{"line":8,"column":18}},"4":{"start":{"line":12,"column":16},"end":{"line":12,"column":53}},"5":{"start":{"line":13,"column":19},"end":{"line":13,"column":49}},"6":{"start":{"line":14,"column":4},"end":{"line":14,"column":19}},"7":{"start":{"line":18,"column":0},"end":{"line":18,"column":22}}},"fnMap":{"0":{"name":"(anonymous_0)","decl":{"start":{"line":5,"column":2},"end":{"line":5,"column":3}},"loc":{"start":{"line":5,"column":49},"end":{"line":9,"column":3}},"line":5},"1":{"name":"(anonymous_1)","decl":{"start":{"line":11,"column":2},"end":{"line":11,"column":3}},"loc":{"start":{"line":11,"column":38},"end":{"line":15,"column":3}},"line":11}},"branchMap":{},"s":{"0":3,"1":0,"2":0,"3":0,"4":0,"5":0,"6":0,"7":3},"f":{"0":0,"1":0},"b":{},"_coverageSchema":"1a1c01bbd47fc00a2c39e90264f33305004495a9","hash":"c6077466467eb21b7b663013c4ba008072cbbffb"}
,"C:\\Users\\Lenovo\\Capstone-Project\\skills-assess-backend\\routes\\ProfileRoutes.js": {"path":"C:\\Users\\Lenovo\\Capstone-Project\\skills-assess-backend\\routes\\ProfileRoutes.js","statementMap":{"0":{"start":{"line":1,"column":16},"end":{"line":1,"column":34}},"1":{"start":{"line":2,"column":15},"end":{"line":2,"column":31}},"2":{"start":{"line":3,"column":15},"end":{"line":3,"column":32}},"3":{"start":{"line":4,"column":13},"end":{"line":4,"column":28}},"4":{"start":{"line":5,"column":14},"end":{"line":5,"column":39}},"5":{"start":{"line":8,"column":13},"end":{"line":16,"column":2}},"6":{"start":{"line":19,"column":16},"end":{"line":26,"column":4}},"7":{"start":{"line":21,"column":6},"end":{"line":21,"column":27}},"8":{"start":{"line":24,"column":6},"end":{"line":24,"column":81}},"9":{"start":{"line":28,"column":17},"end":{"line":28,"column":36}},"10":{"start":{"line":31,"column":2},"end":{"line":31,"column":77}},"11":{"start":{"line":34,"column":2},"end":{"line":49,"column":5}},"12":{"start":{"line":35,"column":4},"end":{"line":48,"column":5}},"13":{"start":{"line":36,"column":6},"end":{"line":38,"column":7}},"14":{"start":{"line":37,"column":8},"end":{"line":37,"column":76}},"15":{"start":{"line":40,"column":29},"end":{"line":40,"column":62}},"16":{"start":{"line":42,"column":6},"end":{"line":42,"column":107}},"17":{"start":{"line":44,"column":6},"end":{"line":44,"column":71}},"18":{"start":{"line":46,"column":6},"end":{"line":46,"column":63}},"19":{"start":{"line":47,"column":6},"end":{"line":47,"column":78}},"20":{"start":{"line":52,"column":0},"end":{"line":89,"column":3}},"21":{"start":{"line":53,"column":4},"end":{"line":88,"column":5}},"22":{"start":{"line":55,"column":8},"end":{"line":58,"column":9}},"23":{"start":{"line":56,"column":12},"end":{"line":56,"column":69}},"24":{"start":{"line":57,"column":12},"end":{"line":57,"column":80}},"25":{"start":{"line":61,"column":24},"end":{"line":64,"column":9}},"26":{"start":{"line":66,"column":8},"end":{"line":68,"column":9}},"27":{"start":{"line":67,"column":12},"end":{"line":67,"column":71}},"28":{"start":{"line":70,"column":21},"end":{"line":70,"column":29}},"29":{"start":{"line":73,"column":25},"end":{"line":79,"column":9}},"30":{"start":{"line":82,"column":8},"end":{"line":82,"column":54}},"31":{"start":{"line":82,"column":42},"end":{"line":82,"column":52}},"32":{"start":{"line":84,"column":8},"end":{"line":84,"column":23}},"33":{"start":{"line":86,"column":8},"end":{"line":86,"column":56}},"34":{"start":{"line":87,"column":8},"end":{"line":87,"column":80}},"35":{"start":{"line":92,"column":0},"end":{"line":218,"column":3}},"36":{"start":{"line":93,"column":4},"end":{"line":93,"column":52}},"37":{"start":{"line":94,"column":4},"end":{"line":94,"column":55}},"38":{"start":{"line":95,"column":4},"end":{"line":95,"column":52}},"39":{"start":{"line":97,"column":4},"end":{"line":217,"column":5}},"40":{"start":{"line":98,"column":8},"end":{"line":100,"column":9}},"41":{"start":{"line":99,"column":12},"end":{"line":99,"column":80}},"42":{"start":{"line":102,"column":62},"end":{"line":102,"column":70}},"43":{"start":{"line":105,"column":8},"end":{"line":110,"column":9}},"44":{"start":{"line":106,"column":31},"end":{"line":106,"column":59}},"45":{"start":{"line":107,"column":12},"end":{"line":109,"column":13}},"46":{"start":{"line":108,"column":16},"end":{"line":108,"column":81}},"47":{"start":{"line":113,"column":27},"end":{"line":113,"column":53}},"48":{"start":{"line":114,"column":8},"end":{"line":114,"column":44}},"49":{"start":{"line":116,"column":8},"end":{"line":213,"column":9}},"50":{"start":{"line":118,"column":33},"end":{"line":118,"column":35}},"51":{"start":{"line":119,"column":33},"end":{"line":119,"column":35}},"52":{"start":{"line":121,"column":12},"end":{"line":124,"column":13}},"53":{"start":{"line":122,"column":16},"end":{"line":122,"column":46}},"54":{"start":{"line":123,"column":16},"end":{"line":123,"column":40}},"55":{"start":{"line":125,"column":12},"end":{"line":128,"column":13}},"56":{"start":{"line":126,"column":16},"end":{"line":126,"column":47}},"57":{"start":{"line":127,"column":16},"end":{"line":127,"column":41}},"58":{"start":{"line":129,"column":12},"end":{"line":132,"column":13}},"59":{"start":{"line":130,"column":16},"end":{"line":130,"column":45}},"60":{"start":{"line":131,"column":16},"end":{"line":131,"column":39}},"61":{"start":{"line":133,"column":12},"end":{"line":136,"column":13}},"62":{"start":{"line":134,"column":16},"end":{"line":134,"column":57}},"63":{"start":{"line":135,"column":16},"end":{"line":135,"column":51}},"64":{"start":{"line":139,"column":12},"end":{"line":143,"column":13}},"65":{"start":{"line":140,"column":30},"end":{"line":140,"column":88}},"66":{"start":{"line":141,"column":16},"end":{"line":141,"column":47}},"67":{"start":{"line":142,"column":16},"end":{"line":142,"column":60}},"68":{"start":{"line":146,"column":12},"end":{"line":178,"column":13}},"69":{"start":{"line":148,"column":16},"end":{"line":151,"column":18}},"70":{"start":{"line":154,"column":16},"end":{"line":177,"column":17}},"71":{"start":{"line":156,"column":45},"end":{"line":159,"column":21}},"72":{"start":{"line":162,"column":20},"end":{"line":170,"column":21}},"73":{"start":{"line":163,"column":41},"end":{"line":166,"column":25}},"74":{"start":{"line":167,"column":24},"end":{"line":167,"column":50}},"75":{"start":{"line":169,"column":24},"end":{"line":169,"column":55}},"76":{"start":{"line":173,"column":20},"end":{"line":176,"column":22}},"77":{"start":{"line":181,"column":28},"end":{"line":184,"column":13}},"78":{"start":{"line":186,"column":12},"end":{"line":189,"column":13}},"79":{"start":{"line":187,"column":16},"end":{"line":187,"column":44}},"80":{"start":{"line":188,"column":16},"end":{"line":188,"column":75}},"81":{"start":{"line":191,"column":25},"end":{"line":191,"column":33}},"82":{"start":{"line":194,"column":36},"end":{"line":200,"column":13}},"83":{"start":{"line":203,"column":12},"end":{"line":203,"column":65}},"84":{"start":{"line":203,"column":53},"end":{"line":203,"column":63}},"85":{"start":{"line":205,"column":12},"end":{"line":205,"column":38}},"86":{"start":{"line":206,"column":12},"end":{"line":206,"column":27}},"87":{"start":{"line":209,"column":12},"end":{"line":209,"column":40}},"88":{"start":{"line":210,"column":12},"end":{"line":210,"column":24}},"89":{"start":{"line":212,"column":12},"end":{"line":212,"column":33}},"90":{"start":{"line":215,"column":8},"end":{"line":215,"column":56}},"91":{"start":{"line":216,"column":8},"end":{"line":216,"column":80}},"92":{"start":{"line":220,"column":0},"end":{"line":220,"column":24}}},"fnMap":{"0":{"name":"(anonymous_0)","decl":{"start":{"line":20,"column":17},"end":{"line":20,"column":18}},"loc":{"start":{"line":20,"column":36},"end":{"line":22,"column":5}},"line":20},"1":{"name":"(anonymous_1)","decl":{"start":{"line":23,"column":14},"end":{"line":23,"column":15}},"loc":{"start":{"line":23,"column":33},"end":{"line":25,"column":5}},"line":23},"2":{"name":"(anonymous_2)","decl":{"start":{"line":34,"column":70},"end":{"line":34,"column":71}},"loc":{"start":{"line":34,"column":90},"end":{"line":49,"column":3}},"line":34},"3":{"name":"(anonymous_3)","decl":{"start":{"line":52,"column":27},"end":{"line":52,"column":28}},"loc":{"start":{"line":52,"column":47},"end":{"line":89,"column":1}},"line":52},"4":{"name":"(anonymous_4)","decl":{"start":{"line":82,"column":33},"end":{"line":82,"column":34}},"loc":{"start":{"line":82,"column":42},"end":{"line":82,"column":52}},"line":82},"5":{"name":"(anonymous_5)","decl":{"start":{"line":92,"column":34},"end":{"line":92,"column":35}},"loc":{"start":{"line":92,"column":54},"end":{"line":218,"column":1}},"line":92},"6":{"name":"(anonymous_6)","decl":{"start":{"line":203,"column":44},"end":{"line":203,"column":45}},"loc":{"start":{"line":203,"column":53},"end":{"line":203,"column":63}},"line":203}},"branchMap":{"0":{"loc":{"start":{"line":36,"column":6},"end":{"line":38,"column":7}},"type":"if","locations":[{"start":{"line":36,"column":6},"end":{"line":38,"column":7}},{"start":{},"end":{}}],"line":36},"1":{"loc":{"start":{"line":36,"column":10},"end":{"line":36,"column":35}},"type":"binary-expr","locations":[{"start":{"line":36,"column":10},"end":{"line":36,"column":19}},{"start":{"line":36,"column":23},"end":{"line":36,"column":35}}],"line":36},"2":{"loc":{"start":{"line":55,"column":8},"end":{"line":58,"column":9}},"type":"if","locations":[{"start":{"line":55,"column":8},"end":{"line":58,"column":9}},{"start":{},"end":{}}],"line":55},"3":{"loc":{"start":{"line":55,"column":12},"end":{"line":55,"column":37}},"type":"binary-expr","locations":[{"start":{"line":55,"column":12},"end":{"line":55,"column":21}},{"start":{"line":55,"column":25},"end":{"line":55,"column":37}}],"line":55},"4":{"loc":{"start":{"line":66,"column":8},"end":{"line":68,"column":9}},"type":"if","locations":[{"start":{"line":66,"column":8},"end":{"line":68,"column":9}},{"start":{},"end":{}}],"line":66},"5":{"loc":{"start":{"line":98,"column":8},"end":{"line":100,"column":9}},"type":"if","locations":[{"start":{"line":98,"column":8},"end":{"line":100,"column":9}},{"start":{},"end":{}}],"line":98},"6":{"loc":{"start":{"line":98,"column":12},"end":{"line":98,"column":37}},"type":"binary-expr","locations":[{"start":{"line":98,"column":12},"end":{"line":98,"column":21}},{"start":{"line":98,"column":25},"end":{"line":98,"column":37}}],"line":98},"7":{"loc":{"start":{"line":105,"column":8},"end":{"line":110,"column":9}},"type":"if","locations":[{"start":{"line":105,"column":8},"end":{"line":110,"column":9}},{"start":{},"end":{}}],"line":105},"8":{"loc":{"start":{"line":107,"column":12},"end":{"line":109,"column":13}},"type":"if","locations":[{"start":{"line":107,"column":12},"end":{"line":109,"column":13}},{"start":{},"end":{}}],"line":107},"9":{"loc":{"start":{"line":121,"column":12},"end":{"line":124,"column":13}},"type":"if","locations":[{"start":{"line":121,"column":12},"end":{"line":124,"column":13}},{"start":{},"end":{}}],"line":121},"10":{"loc":{"start":{"line":125,"column":12},"end":{"line":128,"column":13}},"type":"if","locations":[{"start":{"line":125,"column":12},"end":{"line":128,"column":13}},{"start":{},"end":{}}],"line":125},"11":{"loc":{"start":{"line":129,"column":12},"end":{"line":132,"column":13}},"type":"if","locations":[{"start":{"line":129,"column":12},"end":{"line":132,"column":13}},{"start":{},"end":{}}],"line":129},"12":{"loc":{"start":{"line":133,"column":12},"end":{"line":136,"column":13}},"type":"if","locations":[{"start":{"line":133,"column":12},"end":{"line":136,"column":13}},{"start":{},"end":{}}],"line":133},"13":{"loc":{"start":{"line":139,"column":12},"end":{"line":143,"column":13}},"type":"if","locations":[{"start":{"line":139,"column":12},"end":{"line":143,"column":13}},{"start":{},"end":{}}],"line":139},"14":{"loc":{"start":{"line":146,"column":12},"end":{"line":178,"column":13}},"type":"if","locations":[{"start":{"line":146,"column":12},"end":{"line":178,"column":13}},{"start":{},"end":{}}],"line":146},"15":{"loc":{"start":{"line":146,"column":16},"end":{"line":146,"column":47}},"type":"binary-expr","locations":[{"start":{"line":146,"column":16},"end":{"line":146,"column":22}},{"start":{"line":146,"column":26},"end":{"line":146,"column":47}}],"line":146},"16":{"loc":{"start":{"line":162,"column":20},"end":{"line":170,"column":21}},"type":"if","locations":[{"start":{"line":162,"column":20},"end":{"line":170,"column":21}},{"start":{"line":168,"column":27},"end":{"line":170,"column":21}}],"line":162},"17":{"loc":{"start":{"line":186,"column":12},"end":{"line":189,"column":13}},"type":"if","locations":[{"start":{"line":186,"column":12},"end":{"line":189,"column":13}},{"start":{},"end":{}}],"line":186}},"s":{"0":3,"1":3,"2":3,"3":3,"4":3,"5":3,"6":3,"7":0,"8":0,"9":3,"10":3,"11":3,"12":0,"13":0,"14":0,"15":0,"16":0,"17":0,"18":0,"19":0,"20":3,"21":1,"22":1,"23":1,"24":1,"25":0,"26":0,"27":0,"28":0,"29":0,"30":0,"31":0,"32":0,"33":0,"34":0,"35":3,"36":0,"37":0,"38":0,"39":0,"40":0,"41":0,"42":0,"43":0,"44":0,"45":0,"46":0,"47":0,"48":0,"49":0,"50":0,"51":0,"52":0,"53":0,"54":0,"55":0,"56":0,"57":0,"58":0,"59":0,"60":0,"61":0,"62":0,"63":0,"64":0,"65":0,"66":0,"67":0,"68":0,"69":0,"70":0,"71":0,"72":0,"73":0,"74":0,"75":0,"76":0,"77":0,"78":0,"79":0,"80":0,"81":0,"82":0,"83":0,"84":0,"85":0,"86":0,"87":0,"88":0,"89":0,"90":0,"91":0,"92":3},"f":{"0":0,"1":0,"2":0,"3":1,"4":0,"5":0,"6":0},"b":{"0":[0,0],"1":[0,0],"2":[1,0],"3":[1,1],"4":[0,0],"5":[0,0],"6":[0,0],"7":[0,0],"8":[0,0],"9":[0,0],"10":[0,0],"11":[0,0],"12":[0,0],"13":[0,0],"14":[0,0],"15":[0,0],"16":[0,0],"17":[0,0]},"_coverageSchema":"1a1c01bbd47fc00a2c39e90264f33305004495a9","hash":"de032025df0e752fb97b94280b0b5b6c61a14f64"}
,"C:\\Users\\Lenovo\\Capstone-Project\\skills-assess-backend\\routes\\assessmentRoutes.js": {"path":"C:\\Users\\Lenovo\\Capstone-Project\\skills-assess-backend\\routes\\assessmentRoutes.js","statementMap":{"0":{"start":{"line":1,"column":16},"end":{"line":1,"column":34}},"1":{"start":{"line":2,"column":15},"end":{"line":2,"column":31}},"2":{"start":{"line":3,"column":19},"end":{"line":3,"column":55}},"3":{"start":{"line":4,"column":13},"end":{"line":4,"column":36}},"4":{"start":{"line":5,"column":30},"end":{"line":5,"column":76}},"5":{"start":{"line":6,"column":45},"end":{"line":6,"column":97}},"6":{"start":{"line":10,"column":0},"end":{"line":10,"column":38}},"7":{"start":{"line":13,"column":0},"end":{"line":22,"column":3}},"8":{"start":{"line":14,"column":35},"end":{"line":14,"column":43}},"9":{"start":{"line":15,"column":4},"end":{"line":21,"column":5}},"10":{"start":{"line":16,"column":29},"end":{"line":16,"column":82}},"11":{"start":{"line":17,"column":8},"end":{"line":17,"column":79}},"12":{"start":{"line":19,"column":8},"end":{"line":19,"column":59}},"13":{"start":{"line":20,"column":8},"end":{"line":20,"column":58}},"14":{"start":{"line":25,"column":0},"end":{"line":33,"column":3}},"15":{"start":{"line":26,"column":4},"end":{"line":32,"column":5}},"16":{"start":{"line":27,"column":28},"end":{"line":27,"column":64}},"17":{"start":{"line":28,"column":8},"end":{"line":28,"column":30}},"18":{"start":{"line":30,"column":8},"end":{"line":30,"column":60}},"19":{"start":{"line":31,"column":8},"end":{"line":31,"column":58}},"20":{"start":{"line":36,"column":0},"end":{"line":45,"column":3}},"21":{"start":{"line":37,"column":19},"end":{"line":37,"column":29}},"22":{"start":{"line":38,"column":4},"end":{"line":44,"column":5}},"23":{"start":{"line":39,"column":26},"end":{"line":39,"column":73}},"24":{"start":{"line":40,"column":8},"end":{"line":40,"column":28}},"25":{"start":{"line":42,"column":8},"end":{"line":42,"column":58}},"26":{"start":{"line":43,"column":8},"end":{"line":43,"column":58}},"27":{"start":{"line":48,"column":0},"end":{"line":59,"column":3}},"28":{"start":{"line":49,"column":19},"end":{"line":49,"column":29}},"29":{"start":{"line":50,"column":55},"end":{"line":50,"column":63}},"30":{"start":{"line":52,"column":4},"end":{"line":58,"column":5}},"31":{"start":{"line":53,"column":27},"end":{"line":53,"column":99}},"32":{"start":{"line":54,"column":8},"end":{"line":54,"column":73}},"33":{"start":{"line":56,"column":8},"end":{"line":56,"column":55}},"34":{"start":{"line":57,"column":8},"end":{"line":57,"column":58}},"35":{"start":{"line":62,"column":0},"end":{"line":90,"column":5}},"36":{"start":{"line":63,"column":4},"end":{"line":89,"column":5}},"37":{"start":{"line":64,"column":21},"end":{"line":64,"column":32}},"38":{"start":{"line":66,"column":20},"end":{"line":79,"column":7}},"39":{"start":{"line":81,"column":25},"end":{"line":81,"column":51}},"40":{"start":{"line":82,"column":28},"end":{"line":82,"column":67}},"41":{"start":{"line":83,"column":6},"end":{"line":83,"column":27}},"42":{"start":{"line":85,"column":6},"end":{"line":85,"column":28}},"43":{"start":{"line":87,"column":6},"end":{"line":87,"column":65}},"44":{"start":{"line":88,"column":6},"end":{"line":88,"column":77}},"45":{"start":{"line":92,"column":0},"end":{"line":124,"column":3}},"46":{"start":{"line":93,"column":29},"end":{"line":93,"column":39}},"47":{"start":{"line":94,"column":42},"end":{"line":94,"column":50}},"48":{"start":{"line":95,"column":24},"end":{"line":95,"column":34}},"49":{"start":{"line":97,"column":4},"end":{"line":123,"column":5}},"50":{"start":{"line":99,"column":36},"end":{"line":102,"column":7}},"51":{"start":{"line":104,"column":24},"end":{"line":104,"column":119}},"52":{"start":{"line":105,"column":31},"end":{"line":105,"column":47}},"53":{"start":{"line":108,"column":27},"end":{"line":108,"column":83}},"54":{"start":{"line":110,"column":6},"end":{"line":118,"column":9}},"55":{"start":{"line":121,"column":6},"end":{"line":121,"column":62}},"56":{"start":{"line":122,"column":6},"end":{"line":122,"column":89}},"57":{"start":{"line":126,"column":0},"end":{"line":126,"column":24}}},"fnMap":{"0":{"name":"(anonymous_0)","decl":{"start":{"line":13,"column":23},"end":{"line":13,"column":24}},"loc":{"start":{"line":13,"column":43},"end":{"line":22,"column":1}},"line":13},"1":{"name":"(anonymous_1)","decl":{"start":{"line":25,"column":19},"end":{"line":25,"column":20}},"loc":{"start":{"line":25,"column":39},"end":{"line":33,"column":1}},"line":25},"2":{"name":"(anonymous_2)","decl":{"start":{"line":36,"column":29},"end":{"line":36,"column":30}},"loc":{"start":{"line":36,"column":49},"end":{"line":45,"column":1}},"line":36},"3":{"name":"(anonymous_3)","decl":{"start":{"line":48,"column":33},"end":{"line":48,"column":34}},"loc":{"start":{"line":48,"column":53},"end":{"line":59,"column":1}},"line":48},"4":{"name":"(anonymous_4)","decl":{"start":{"line":62,"column":43},"end":{"line":62,"column":44}},"loc":{"start":{"line":62,"column":63},"end":{"line":90,"column":3}},"line":62},"5":{"name":"(anonymous_5)","decl":{"start":{"line":92,"column":37},"end":{"line":92,"column":38}},"loc":{"start":{"line":92,"column":57},"end":{"line":124,"column":1}},"line":92}},"branchMap":{},"s":{"0":3,"1":3,"2":3,"3":3,"4":3,"5":3,"6":3,"7":3,"8":0,"9":0,"10":0,"11":0,"12":0,"13":0,"14":3,"15":0,"16":0,"17":0,"18":0,"19":0,"20":3,"21":0,"22":0,"23":0,"24":0,"25":0,"26":0,"27":3,"28":0,"29":0,"30":0,"31":0,"32":0,"33":0,"34":0,"35":3,"36":0,"37":0,"38":0,"39":0,"40":0,"41":0,"42":0,"43":0,"44":0,"45":3,"46":1,"47":1,"48":1,"49":1,"50":1,"51":1,"52":1,"53":1,"54":0,"55":1,"56":1,"57":3},"f":{"0":0,"1":0,"2":0,"3":0,"4":0,"5":1},"b":{},"_coverageSchema":"1a1c01bbd47fc00a2c39e90264f33305004495a9","hash":"b1e7f37c38d89c1f6a87f226fb5a21421f43d2f0"}
,"C:\\Users\\Lenovo\\Capstone-Project\\skills-assess-backend\\routes\\auth.js": {"path":"C:\\Users\\Lenovo\\Capstone-Project\\skills-assess-backend\\routes\\auth.js","statementMap":{"0":{"start":{"line":1,"column":16},"end":{"line":1,"column":34}},"1":{"start":{"line":2,"column":12},"end":{"line":2,"column":35}},"2":{"start":{"line":3,"column":15},"end":{"line":3,"column":34}},"3":{"start":{"line":4,"column":13},"end":{"line":4,"column":43}},"4":{"start":{"line":5,"column":18},"end":{"line":5,"column":40}},"5":{"start":{"line":6,"column":19},"end":{"line":6,"column":42}},"6":{"start":{"line":7,"column":0},"end":{"line":7,"column":27}},"7":{"start":{"line":9,"column":15},"end":{"line":9,"column":31}},"8":{"start":{"line":12,"column":0},"end":{"line":55,"column":3}},"9":{"start":{"line":13,"column":2},"end":{"line":54,"column":3}},"10":{"start":{"line":14,"column":38},"end":{"line":14,"column":46}},"11":{"start":{"line":16,"column":4},"end":{"line":18,"column":5}},"12":{"start":{"line":17,"column":6},"end":{"line":17,"column":74}},"13":{"start":{"line":20,"column":25},"end":{"line":20,"column":58}},"14":{"start":{"line":21,"column":4},"end":{"line":23,"column":5}},"15":{"start":{"line":22,"column":6},"end":{"line":22,"column":70}},"16":{"start":{"line":25,"column":27},"end":{"line":25,"column":58}},"17":{"start":{"line":28,"column":19},"end":{"line":28,"column":69}},"18":{"start":{"line":32,"column":19},"end":{"line":32,"column":57}},"19":{"start":{"line":35,"column":4},"end":{"line":37,"column":5}},"20":{"start":{"line":36,"column":6},"end":{"line":36,"column":90}},"21":{"start":{"line":40,"column":18},"end":{"line":40,"column":87}},"22":{"start":{"line":42,"column":4},"end":{"line":50,"column":7}},"23":{"start":{"line":52,"column":4},"end":{"line":52,"column":55}},"24":{"start":{"line":53,"column":4},"end":{"line":53,"column":63}},"25":{"start":{"line":59,"column":0},"end":{"line":104,"column":3}},"26":{"start":{"line":60,"column":2},"end":{"line":60,"column":47}},"27":{"start":{"line":61,"column":30},"end":{"line":61,"column":38}},"28":{"start":{"line":63,"column":2},"end":{"line":103,"column":3}},"29":{"start":{"line":64,"column":19},"end":{"line":64,"column":52}},"30":{"start":{"line":65,"column":6},"end":{"line":65,"column":47}},"31":{"start":{"line":67,"column":6},"end":{"line":69,"column":7}},"32":{"start":{"line":68,"column":10},"end":{"line":68,"column":74}},"33":{"start":{"line":71,"column":6},"end":{"line":71,"column":39}},"34":{"start":{"line":72,"column":6},"end":{"line":72,"column":47}},"35":{"start":{"line":73,"column":6},"end":{"line":73,"column":49}},"36":{"start":{"line":75,"column":22},"end":{"line":75,"column":67}},"37":{"start":{"line":76,"column":6},"end":{"line":76,"column":53}},"38":{"start":{"line":78,"column":6},"end":{"line":80,"column":7}},"39":{"start":{"line":79,"column":10},"end":{"line":79,"column":74}},"40":{"start":{"line":82,"column":6},"end":{"line":84,"column":7}},"41":{"start":{"line":83,"column":8},"end":{"line":83,"column":92}},"42":{"start":{"line":87,"column":20},"end":{"line":87,"column":113}},"43":{"start":{"line":90,"column":6},"end":{"line":98,"column":9}},"44":{"start":{"line":101,"column":6},"end":{"line":101,"column":50}},"45":{"start":{"line":102,"column":6},"end":{"line":102,"column":56}},"46":{"start":{"line":107,"column":0},"end":{"line":114,"column":3}},"47":{"start":{"line":108,"column":4},"end":{"line":113,"column":5}},"48":{"start":{"line":109,"column":21},"end":{"line":109,"column":63}},"49":{"start":{"line":110,"column":8},"end":{"line":110,"column":23}},"50":{"start":{"line":112,"column":8},"end":{"line":112,"column":57}},"51":{"start":{"line":119,"column":16},"end":{"line":119,"column":43}},"52":{"start":{"line":120,"column":2},"end":{"line":120,"column":72}},"53":{"start":{"line":120,"column":14},"end":{"line":120,"column":72}},"54":{"start":{"line":122,"column":2},"end":{"line":128,"column":3}},"55":{"start":{"line":123,"column":21},"end":{"line":123,"column":76}},"56":{"start":{"line":124,"column":4},"end":{"line":124,"column":24}},"57":{"start":{"line":125,"column":4},"end":{"line":125,"column":11}},"58":{"start":{"line":127,"column":4},"end":{"line":127,"column":55}},"59":{"start":{"line":131,"column":0},"end":{"line":131,"column":24}}},"fnMap":{"0":{"name":"(anonymous_0)","decl":{"start":{"line":12,"column":25},"end":{"line":12,"column":26}},"loc":{"start":{"line":12,"column":45},"end":{"line":55,"column":1}},"line":12},"1":{"name":"(anonymous_1)","decl":{"start":{"line":59,"column":22},"end":{"line":59,"column":23}},"loc":{"start":{"line":59,"column":42},"end":{"line":104,"column":1}},"line":59},"2":{"name":"(anonymous_2)","decl":{"start":{"line":107,"column":36},"end":{"line":107,"column":37}},"loc":{"start":{"line":107,"column":56},"end":{"line":114,"column":1}},"line":107},"3":{"name":"verifyToken","decl":{"start":{"line":118,"column":9},"end":{"line":118,"column":20}},"loc":{"start":{"line":118,"column":37},"end":{"line":129,"column":1}},"line":118}},"branchMap":{"0":{"loc":{"start":{"line":16,"column":4},"end":{"line":18,"column":5}},"type":"if","locations":[{"start":{"line":16,"column":4},"end":{"line":18,"column":5}},{"start":{},"end":{}}],"line":16},"1":{"loc":{"start":{"line":16,"column":8},"end":{"line":16,"column":36}},"type":"binary-expr","locations":[{"start":{"line":16,"column":8},"end":{"line":16,"column":13}},{"start":{"line":16,"column":17},"end":{"line":16,"column":23}},{"start":{"line":16,"column":27},"end":{"line":16,"column":36}}],"line":16},"2":{"loc":{"start":{"line":21,"column":4},"end":{"line":23,"column":5}},"type":"if","locations":[{"start":{"line":21,"column":4},"end":{"line":23,"column":5}},{"start":{},"end":{}}],"line":21},"3":{"loc":{"start":{"line":32,"column":19},"end":{"line":32,"column":57}},"type":"binary-expr","locations":[{"start":{"line":32,"column":19},"end":{"line":32,"column":28}},{"start":{"line":32,"column":32},"end":{"line":32,"column":47}},{"start":{"line":32,"column":51},"end":{"line":32,"column":57}}],"line":32},"4":{"loc":{"start":{"line":35,"column":4},"end":{"line":37,"column":5}},"type":"if","locations":[{"start":{"line":35,"column":4},"end":{"line":37,"column":5}},{"start":{},"end":{}}],"line":35},"5":{"loc":{"start":{"line":67,"column":6},"end":{"line":69,"column":7}},"type":"if","locations":[{"start":{"line":67,"column":6},"end":{"line":69,"column":7}},{"start":{},"end":{}}],"line":67},"6":{"loc":{"start":{"line":78,"column":6},"end":{"line":80,"column":7}},"type":"if","locations":[{"start":{"line":78,"column":6},"end":{"line":80,"column":7}},{"start":{},"end":{}}],"line":78},"7":{"loc":{"start":{"line":82,"column":6},"end":{"line":84,"column":7}},"type":"if","locations":[{"start":{"line":82,"column":6},"end":{"line":84,"column":7}},{"start":{},"end":{}}],"line":82},"8":{"loc":{"start":{"line":120,"column":2},"end":{"line":120,"column":72}},"type":"if","locations":[{"start":{"line":120,"column":2},"end":{"line":120,"column":72}},{"start":{},"end":{}}],"line":120}},"s":{"0":3,"1":3,"2":3,"3":3,"4":3,"5":3,"6":3,"7":3,"8":3,"9":0,"10":0,"11":0,"12":0,"13":0,"14":0,"15":0,"16":0,"17":0,"18":0,"19":0,"20":0,"21":0,"22":0,"23":0,"24":0,"25":3,"26":0,"27":0,"28":0,"29":0,"30":0,"31":0,"32":0,"33":0,"34":0,"35":0,"36":0,"37":0,"38":0,"39":0,"40":0,"41":0,"42":0,"43":0,"44":0,"45":0,"46":3,"47":0,"48":0,"49":0,"50":0,"51":0,"52":0,"53":0,"54":0,"55":0,"56":0,"57":0,"58":0,"59":3},"f":{"0":0,"1":0,"2":0,"3":0},"b":{"0":[0,0],"1":[0,0,0],"2":[0,0],"3":[0,0,0],"4":[0,0],"5":[0,0],"6":[0,0],"7":[0,0],"8":[0,0]},"_coverageSchema":"1a1c01bbd47fc00a2c39e90264f33305004495a9","hash":"778f3d393faf581f7796dcea567311f0ce68875c"}
,"C:\\Users\\Lenovo\\Capstone-Project\\skills-assess-backend\\routes\\blog.js": {"path":"C:\\Users\\Lenovo\\Capstone-Project\\skills-assess-backend\\routes\\blog.js","statementMap":{"0":{"start":{"line":1,"column":16},"end":{"line":1,"column":34}},"1":{"start":{"line":2,"column":15},"end":{"line":2,"column":31}},"2":{"start":{"line":3,"column":19},"end":{"line":3,"column":42}},"3":{"start":{"line":6,"column":0},"end":{"line":15,"column":3}},"4":{"start":{"line":7,"column":2},"end":{"line":14,"column":3}},"5":{"start":{"line":8,"column":19},"end":{"line":8,"column":88}},"6":{"start":{"line":9,"column":4},"end":{"line":9,"column":45}},"7":{"start":{"line":10,"column":4},"end":{"line":10,"column":19}},"8":{"start":{"line":12,"column":4},"end":{"line":12,"column":53}},"9":{"start":{"line":13,"column":4},"end":{"line":13,"column":52}},"10":{"start":{"line":18,"column":0},"end":{"line":30,"column":3}},"11":{"start":{"line":19,"column":2},"end":{"line":29,"column":3}},"12":{"start":{"line":20,"column":25},"end":{"line":20,"column":35}},"13":{"start":{"line":21,"column":19},"end":{"line":24,"column":5}},"14":{"start":{"line":25,"column":4},"end":{"line":25,"column":19}},"15":{"start":{"line":27,"column":4},"end":{"line":27,"column":65}},"16":{"start":{"line":28,"column":4},"end":{"line":28,"column":52}},"17":{"start":{"line":33,"column":0},"end":{"line":43,"column":3}},"18":{"start":{"line":34,"column":2},"end":{"line":42,"column":3}},"19":{"start":{"line":35,"column":19},"end":{"line":37,"column":5}},"20":{"start":{"line":38,"column":4},"end":{"line":38,"column":19}},"21":{"start":{"line":40,"column":4},"end":{"line":40,"column":62}},"22":{"start":{"line":41,"column":4},"end":{"line":41,"column":52}},"23":{"start":{"line":46,"column":0},"end":{"line":70,"column":3}},"24":{"start":{"line":47,"column":2},"end":{"line":69,"column":3}},"25":{"start":{"line":48,"column":22},"end":{"line":48,"column":31}},"26":{"start":{"line":50,"column":4},"end":{"line":52,"column":5}},"27":{"start":{"line":51,"column":6},"end":{"line":51,"column":73}},"28":{"start":{"line":54,"column":23},"end":{"line":54,"column":35}},"29":{"start":{"line":55,"column":19},"end":{"line":63,"column":5}},"30":{"start":{"line":65,"column":4},"end":{"line":65,"column":19}},"31":{"start":{"line":67,"column":4},"end":{"line":67,"column":54}},"32":{"start":{"line":68,"column":4},"end":{"line":68,"column":52}},"33":{"start":{"line":73,"column":0},"end":{"line":90,"column":3}},"34":{"start":{"line":74,"column":2},"end":{"line":89,"column":3}},"35":{"start":{"line":75,"column":19},"end":{"line":78,"column":5}},"36":{"start":{"line":80,"column":4},"end":{"line":83,"column":5}},"37":{"start":{"line":81,"column":6},"end":{"line":81,"column":64}},"38":{"start":{"line":82,"column":6},"end":{"line":82,"column":68}},"39":{"start":{"line":85,"column":4},"end":{"line":85,"column":22}},"40":{"start":{"line":87,"column":4},"end":{"line":87,"column":52}},"41":{"start":{"line":88,"column":4},"end":{"line":88,"column":52}},"42":{"start":{"line":93,"column":0},"end":{"line":112,"column":3}},"43":{"start":{"line":94,"column":20},"end":{"line":94,"column":28}},"44":{"start":{"line":97,"column":2},"end":{"line":111,"column":3}},"45":{"start":{"line":98,"column":28},"end":{"line":98,"column":115}},"46":{"start":{"line":100,"column":4},"end":{"line":102,"column":5}},"47":{"start":{"line":101,"column":6},"end":{"line":101,"column":78}},"48":{"start":{"line":105,"column":4},"end":{"line":105,"column":93}},"49":{"start":{"line":107,"column":4},"end":{"line":107,"column":66}},"50":{"start":{"line":109,"column":4},"end":{"line":109,"column":59}},"51":{"start":{"line":110,"column":4},"end":{"line":110,"column":86}},"52":{"start":{"line":114,"column":0},"end":{"line":114,"column":24}}},"fnMap":{"0":{"name":"(anonymous_0)","decl":{"start":{"line":6,"column":30},"end":{"line":6,"column":31}},"loc":{"start":{"line":6,"column":50},"end":{"line":15,"column":1}},"line":6},"1":{"name":"(anonymous_1)","decl":{"start":{"line":18,"column":49},"end":{"line":18,"column":50}},"loc":{"start":{"line":18,"column":69},"end":{"line":30,"column":1}},"line":18},"2":{"name":"(anonymous_2)","decl":{"start":{"line":33,"column":39},"end":{"line":33,"column":40}},"loc":{"start":{"line":33,"column":59},"end":{"line":43,"column":1}},"line":33},"3":{"name":"(anonymous_3)","decl":{"start":{"line":46,"column":37},"end":{"line":46,"column":38}},"loc":{"start":{"line":46,"column":57},"end":{"line":70,"column":1}},"line":46},"4":{"name":"(anonymous_4)","decl":{"start":{"line":73,"column":34},"end":{"line":73,"column":35}},"loc":{"start":{"line":73,"column":54},"end":{"line":90,"column":1}},"line":73},"5":{"name":"(anonymous_5)","decl":{"start":{"line":93,"column":41},"end":{"line":93,"column":42}},"loc":{"start":{"line":93,"column":61},"end":{"line":112,"column":1}},"line":93}},"branchMap":{"0":{"loc":{"start":{"line":50,"column":4},"end":{"line":52,"column":5}},"type":"if","locations":[{"start":{"line":50,"column":4},"end":{"line":52,"column":5}},{"start":{},"end":{}}],"line":50},"1":{"loc":{"start":{"line":80,"column":4},"end":{"line":83,"column":5}},"type":"if","locations":[{"start":{"line":80,"column":4},"end":{"line":83,"column":5}},{"start":{},"end":{}}],"line":80},"2":{"loc":{"start":{"line":100,"column":4},"end":{"line":102,"column":5}},"type":"if","locations":[{"start":{"line":100,"column":4},"end":{"line":102,"column":5}},{"start":{},"end":{}}],"line":100}},"s":{"0":3,"1":3,"2":3,"3":3,"4":0,"5":0,"6":0,"7":0,"8":0,"9":0,"10":3,"11":0,"12":0,"13":0,"14":0,"15":0,"16":0,"17":3,"18":0,"19":0,"20":0,"21":0,"22":0,"23":3,"24":0,"25":0,"26":0,"27":0,"28":0,"29":0,"30":0,"31":0,"32":0,"33":3,"34":0,"35":0,"36":0,"37":0,"38":0,"39":0,"40":0,"41":0,"42":3,"43":0,"44":0,"45":0,"46":0,"47":0,"48":0,"49":0,"50":0,"51":0,"52":3},"f":{"0":0,"1":0,"2":0,"3":0,"4":0,"5":0},"b":{"0":[0,0],"1":[0,0],"2":[0,0]},"_coverageSchema":"1a1c01bbd47fc00a2c39e90264f33305004495a9","hash":"2af5878a05ce2f8feeff5d7de8704f14c4bc5fa6"}
,"C:\\Users\\Lenovo\\Capstone-Project\\skills-assess-backend\\routes\\leaderboardRoutes.js": {"path":"C:\\Users\\Lenovo\\Capstone-Project\\skills-assess-backend\\routes\\leaderboardRoutes.js","statementMap":{"0":{"start":{"line":1,"column":16},"end":{"line":1,"column":34}},"1":{"start":{"line":2,"column":15},"end":{"line":2,"column":31}},"2":{"start":{"line":3,"column":23},"end":{"line":3,"column":52}},"3":{"start":{"line":4,"column":30},"end":{"line":4,"column":77}},"4":{"start":{"line":7,"column":0},"end":{"line":7,"column":68}},"5":{"start":{"line":8,"column":0},"end":{"line":8,"column":69}},"6":{"start":{"line":9,"column":0},"end":{"line":9,"column":82}},"7":{"start":{"line":11,"column":0},"end":{"line":11,"column":24}}},"fnMap":{},"branchMap":{},"s":{"0":3,"1":3,"2":3,"3":3,"4":3,"5":3,"6":3,"7":3},"f":{},"b":{},"_coverageSchema":"1a1c01bbd47fc00a2c39e90264f33305004495a9","hash":"f5b0c70d02913ad345f70f880149fd0f2d980b72"}
,"C:\\Users\\Lenovo\\Capstone-Project\\skills-assess-backend\\routes\\skills.js": {"path":"C:\\Users\\Lenovo\\Capstone-Project\\skills-assess-backend\\routes\\skills.js","statementMap":{"0":{"start":{"line":1,"column":16},"end":{"line":1,"column":34}},"1":{"start":{"line":2,"column":15},"end":{"line":2,"column":31}},"2":{"start":{"line":3,"column":14},"end":{"line":3,"column":39}},"3":{"start":{"line":4,"column":13},"end":{"line":4,"column":42}},"4":{"start":{"line":7,"column":13},"end":{"line":12,"column":2}},"5":{"start":{"line":15,"column":0},"end":{"line":86,"column":3}},"6":{"start":{"line":16,"column":2},"end":{"line":85,"column":3}},"7":{"start":{"line":17,"column":17},"end":{"line":17,"column":46}},"8":{"start":{"line":18,"column":18},"end":{"line":18,"column":48}},"9":{"start":{"line":19,"column":19},"end":{"line":19,"column":37}},"10":{"start":{"line":20,"column":21},"end":{"line":20,"column":39}},"11":{"start":{"line":21,"column":19},"end":{"line":21,"column":35}},"12":{"start":{"line":23,"column":16},"end":{"line":33,"column":5}},"13":{"start":{"line":35,"column":24},"end":{"line":35,"column":26}},"14":{"start":{"line":38,"column":28},"end":{"line":38,"column":30}},"15":{"start":{"line":39,"column":4},"end":{"line":42,"column":5}},"16":{"start":{"line":40,"column":6},"end":{"line":40,"column":45}},"17":{"start":{"line":41,"column":6},"end":{"line":41,"column":33}},"18":{"start":{"line":43,"column":4},"end":{"line":46,"column":5}},"19":{"start":{"line":44,"column":6},"end":{"line":44,"column":70}},"20":{"start":{"line":45,"column":6},"end":{"line":45,"column":53}},"21":{"start":{"line":48,"column":4},"end":{"line":50,"column":5}},"22":{"start":{"line":49,"column":6},"end":{"line":49,"column":57}},"23":{"start":{"line":53,"column":4},"end":{"line":57,"column":6}},"24":{"start":{"line":58,"column":4},"end":{"line":58,"column":36}},"25":{"start":{"line":61,"column":23},"end":{"line":65,"column":5}},"26":{"start":{"line":67,"column":23},"end":{"line":67,"column":49}},"27":{"start":{"line":68,"column":21},"end":{"line":68,"column":63}},"28":{"start":{"line":69,"column":26},"end":{"line":69,"column":86}},"29":{"start":{"line":70,"column":4},"end":{"line":70,"column":25}},"30":{"start":{"line":72,"column":18},"end":{"line":72,"column":38}},"31":{"start":{"line":73,"column":20},"end":{"line":73,"column":50}},"32":{"start":{"line":75,"column":4},"end":{"line":80,"column":7}},"33":{"start":{"line":83,"column":4},"end":{"line":83,"column":51}},"34":{"start":{"line":84,"column":4},"end":{"line":84,"column":63}},"35":{"start":{"line":89,"column":0},"end":{"line":117,"column":3}},"36":{"start":{"line":90,"column":2},"end":{"line":116,"column":3}},"37":{"start":{"line":91,"column":19},"end":{"line":91,"column":30}},"38":{"start":{"line":93,"column":18},"end":{"line":105,"column":5}},"39":{"start":{"line":107,"column":23},"end":{"line":107,"column":49}},"40":{"start":{"line":108,"column":26},"end":{"line":108,"column":65}},"41":{"start":{"line":109,"column":4},"end":{"line":109,"column":25}},"42":{"start":{"line":111,"column":4},"end":{"line":111,"column":26}},"43":{"start":{"line":114,"column":4},"end":{"line":114,"column":63}},"44":{"start":{"line":115,"column":4},"end":{"line":115,"column":75}},"45":{"start":{"line":120,"column":0},"end":{"line":253,"column":3}},"46":{"start":{"line":121,"column":2},"end":{"line":252,"column":3}},"47":{"start":{"line":122,"column":19},"end":{"line":122,"column":30}},"48":{"start":{"line":123,"column":17},"end":{"line":123,"column":46}},"49":{"start":{"line":124,"column":18},"end":{"line":124,"column":48}},"50":{"start":{"line":125,"column":19},"end":{"line":125,"column":37}},"51":{"start":{"line":127,"column":23},"end":{"line":127,"column":49}},"52":{"start":{"line":130,"column":34},"end":{"line":142,"column":16}},"53":{"start":{"line":144,"column":4},"end":{"line":144,"column":63}},"54":{"start":{"line":147,"column":27},"end":{"line":155,"column":7}},"55":{"start":{"line":147,"column":66},"end":{"line":155,"column":5}},"56":{"start":{"line":158,"column":34},"end":{"line":158,"column":76}},"57":{"start":{"line":160,"column":28},"end":{"line":160,"column":42}},"58":{"start":{"line":163,"column":4},"end":{"line":231,"column":5}},"59":{"start":{"line":165,"column":28},"end":{"line":171,"column":18}},"60":{"start":{"line":174,"column":29},"end":{"line":174,"column":75}},"61":{"start":{"line":174,"column":62},"end":{"line":174,"column":72}},"62":{"start":{"line":175,"column":33},"end":{"line":175,"column":98}},"63":{"start":{"line":178,"column":33},"end":{"line":178,"column":70}},"64":{"start":{"line":178,"column":54},"end":{"line":178,"column":69}},"65":{"start":{"line":180,"column":26},"end":{"line":180,"column":55}},"66":{"start":{"line":180,"column":50},"end":{"line":180,"column":54}},"67":{"start":{"line":181,"column":25},"end":{"line":181,"column":64}},"68":{"start":{"line":182,"column":36},"end":{"line":182,"column":101}},"69":{"start":{"line":182,"column":81},"end":{"line":182,"column":84}},"70":{"start":{"line":185,"column":29},"end":{"line":205,"column":7}},"71":{"start":{"line":198,"column":60},"end":{"line":198,"column":63}},"72":{"start":{"line":201,"column":66},"end":{"line":201,"column":69}},"73":{"start":{"line":208,"column":26},"end":{"line":213,"column":7}},"74":{"start":{"line":215,"column":26},"end":{"line":215,"column":77}},"75":{"start":{"line":218,"column":6},"end":{"line":230,"column":8}},"76":{"start":{"line":220,"column":35},"end":{"line":229,"column":9}},"77":{"start":{"line":234,"column":28},"end":{"line":234,"column":75}},"78":{"start":{"line":237,"column":18},"end":{"line":237,"column":42}},"79":{"start":{"line":238,"column":20},"end":{"line":238,"column":59}},"80":{"start":{"line":240,"column":4},"end":{"line":240,"column":25}},"81":{"start":{"line":242,"column":4},"end":{"line":247,"column":7}},"82":{"start":{"line":250,"column":4},"end":{"line":250,"column":63}},"83":{"start":{"line":251,"column":4},"end":{"line":251,"column":75}},"84":{"start":{"line":256,"column":0},"end":{"line":389,"column":3}},"85":{"start":{"line":257,"column":2},"end":{"line":388,"column":3}},"86":{"start":{"line":258,"column":19},"end":{"line":258,"column":30}},"87":{"start":{"line":259,"column":17},"end":{"line":259,"column":46}},"88":{"start":{"line":260,"column":18},"end":{"line":260,"column":48}},"89":{"start":{"line":261,"column":19},"end":{"line":261,"column":37}},"90":{"start":{"line":263,"column":23},"end":{"line":263,"column":49}},"91":{"start":{"line":266,"column":34},"end":{"line":278,"column":16}},"92":{"start":{"line":280,"column":4},"end":{"line":280,"column":63}},"93":{"start":{"line":283,"column":27},"end":{"line":291,"column":7}},"94":{"start":{"line":283,"column":66},"end":{"line":291,"column":5}},"95":{"start":{"line":294,"column":34},"end":{"line":294,"column":76}},"96":{"start":{"line":296,"column":28},"end":{"line":296,"column":42}},"97":{"start":{"line":299,"column":4},"end":{"line":367,"column":5}},"98":{"start":{"line":301,"column":28},"end":{"line":307,"column":18}},"99":{"start":{"line":310,"column":29},"end":{"line":310,"column":75}},"100":{"start":{"line":310,"column":62},"end":{"line":310,"column":72}},"101":{"start":{"line":311,"column":33},"end":{"line":311,"column":98}},"102":{"start":{"line":314,"column":33},"end":{"line":314,"column":70}},"103":{"start":{"line":314,"column":54},"end":{"line":314,"column":69}},"104":{"start":{"line":316,"column":26},"end":{"line":316,"column":55}},"105":{"start":{"line":316,"column":50},"end":{"line":316,"column":54}},"106":{"start":{"line":317,"column":25},"end":{"line":317,"column":64}},"107":{"start":{"line":318,"column":36},"end":{"line":318,"column":101}},"108":{"start":{"line":318,"column":81},"end":{"line":318,"column":84}},"109":{"start":{"line":321,"column":29},"end":{"line":341,"column":7}},"110":{"start":{"line":334,"column":60},"end":{"line":334,"column":63}},"111":{"start":{"line":337,"column":66},"end":{"line":337,"column":69}},"112":{"start":{"line":344,"column":26},"end":{"line":349,"column":7}},"113":{"start":{"line":351,"column":26},"end":{"line":351,"column":77}},"114":{"start":{"line":354,"column":6},"end":{"line":366,"column":8}},"115":{"start":{"line":356,"column":35},"end":{"line":365,"column":9}},"116":{"start":{"line":370,"column":28},"end":{"line":370,"column":75}},"117":{"start":{"line":373,"column":18},"end":{"line":373,"column":42}},"118":{"start":{"line":374,"column":20},"end":{"line":374,"column":59}},"119":{"start":{"line":376,"column":4},"end":{"line":376,"column":25}},"120":{"start":{"line":378,"column":4},"end":{"line":383,"column":7}},"121":{"start":{"line":386,"column":4},"end":{"line":386,"column":63}},"122":{"start":{"line":387,"column":4},"end":{"line":387,"column":75}},"123":{"start":{"line":391,"column":0},"end":{"line":391,"column":24}}},"fnMap":{"0":{"name":"(anonymous_0)","decl":{"start":{"line":15,"column":36},"end":{"line":15,"column":37}},"loc":{"start":{"line":15,"column":56},"end":{"line":86,"column":1}},"line":15},"1":{"name":"(anonymous_1)","decl":{"start":{"line":89,"column":44},"end":{"line":89,"column":45}},"loc":{"start":{"line":89,"column":64},"end":{"line":117,"column":1}},"line":89},"2":{"name":"(anonymous_2)","decl":{"start":{"line":120,"column":40},"end":{"line":120,"column":41}},"loc":{"start":{"line":120,"column":60},"end":{"line":253,"column":1}},"line":120},"3":{"name":"(anonymous_3)","decl":{"start":{"line":147,"column":51},"end":{"line":147,"column":52}},"loc":{"start":{"line":147,"column":66},"end":{"line":155,"column":5}},"line":147},"4":{"name":"(anonymous_4)","decl":{"start":{"line":174,"column":57},"end":{"line":174,"column":58}},"loc":{"start":{"line":174,"column":62},"end":{"line":174,"column":72}},"line":174},"5":{"name":"(anonymous_5)","decl":{"start":{"line":178,"column":49},"end":{"line":178,"column":50}},"loc":{"start":{"line":178,"column":54},"end":{"line":178,"column":69}},"line":178},"6":{"name":"(anonymous_6)","decl":{"start":{"line":180,"column":45},"end":{"line":180,"column":46}},"loc":{"start":{"line":180,"column":50},"end":{"line":180,"column":54}},"line":180},"7":{"name":"(anonymous_7)","decl":{"start":{"line":182,"column":75},"end":{"line":182,"column":76}},"loc":{"start":{"line":182,"column":81},"end":{"line":182,"column":84}},"line":182},"8":{"name":"(anonymous_8)","decl":{"start":{"line":198,"column":54},"end":{"line":198,"column":55}},"loc":{"start":{"line":198,"column":60},"end":{"line":198,"column":63}},"line":198},"9":{"name":"(anonymous_9)","decl":{"start":{"line":201,"column":60},"end":{"line":201,"column":61}},"loc":{"start":{"line":201,"column":66},"end":{"line":201,"column":69}},"line":201},"10":{"name":"(anonymous_10)","decl":{"start":{"line":220,"column":25},"end":{"line":220,"column":26}},"loc":{"start":{"line":220,"column":35},"end":{"line":229,"column":9}},"line":220},"11":{"name":"(anonymous_11)","decl":{"start":{"line":256,"column":40},"end":{"line":256,"column":41}},"loc":{"start":{"line":256,"column":60},"end":{"line":389,"column":1}},"line":256},"12":{"name":"(anonymous_12)","decl":{"start":{"line":283,"column":51},"end":{"line":283,"column":52}},"loc":{"start":{"line":283,"column":66},"end":{"line":291,"column":5}},"line":283},"13":{"name":"(anonymous_13)","decl":{"start":{"line":310,"column":57},"end":{"line":310,"column":58}},"loc":{"start":{"line":310,"column":62},"end":{"line":310,"column":72}},"line":310},"14":{"name":"(anonymous_14)","decl":{"start":{"line":314,"column":49},"end":{"line":314,"column":50}},"loc":{"start":{"line":314,"column":54},"end":{"line":314,"column":69}},"line":314},"15":{"name":"(anonymous_15)","decl":{"start":{"line":316,"column":45},"end":{"line":316,"column":46}},"loc":{"start":{"line":316,"column":50},"end":{"line":316,"column":54}},"line":316},"16":{"name":"(anonymous_16)","decl":{"start":{"line":318,"column":75},"end":{"line":318,"column":76}},"loc":{"start":{"line":318,"column":81},"end":{"line":318,"column":84}},"line":318},"17":{"name":"(anonymous_17)","decl":{"start":{"line":334,"column":54},"end":{"line":334,"column":55}},"loc":{"start":{"line":334,"column":60},"end":{"line":334,"column":63}},"line":334},"18":{"name":"(anonymous_18)","decl":{"start":{"line":337,"column":60},"end":{"line":337,"column":61}},"loc":{"start":{"line":337,"column":66},"end":{"line":337,"column":69}},"line":337},"19":{"name":"(anonymous_19)","decl":{"start":{"line":356,"column":25},"end":{"line":356,"column":26}},"loc":{"start":{"line":356,"column":35},"end":{"line":365,"column":9}},"line":356}},"branchMap":{"0":{"loc":{"start":{"line":17,"column":17},"end":{"line":17,"column":46}},"type":"binary-expr","locations":[{"start":{"line":17,"column":17},"end":{"line":17,"column":41}},{"start":{"line":17,"column":45},"end":{"line":17,"column":46}}],"line":17},"1":{"loc":{"start":{"line":18,"column":18},"end":{"line":18,"column":48}},"type":"binary-expr","locations":[{"start":{"line":18,"column":18},"end":{"line":18,"column":43}},{"start":{"line":18,"column":47},"end":{"line":18,"column":48}}],"line":18},"2":{"loc":{"start":{"line":39,"column":4},"end":{"line":42,"column":5}},"type":"if","locations":[{"start":{"line":39,"column":4},"end":{"line":42,"column":5}},{"start":{},"end":{}}],"line":39},"3":{"loc":{"start":{"line":39,"column":8},"end":{"line":39,"column":38}},"type":"binary-expr","locations":[{"start":{"line":39,"column":8},"end":{"line":39,"column":16}},{"start":{"line":39,"column":20},"end":{"line":39,"column":38}}],"line":39},"4":{"loc":{"start":{"line":43,"column":4},"end":{"line":46,"column":5}},"type":"if","locations":[{"start":{"line":43,"column":4},"end":{"line":46,"column":5}},{"start":{},"end":{}}],"line":43},"5":{"loc":{"start":{"line":48,"column":4},"end":{"line":50,"column":5}},"type":"if","locations":[{"start":{"line":48,"column":4},"end":{"line":50,"column":5}},{"start":{},"end":{}}],"line":48},"6":{"loc":{"start":{"line":64,"column":8},"end":{"line":64,"column":82}},"type":"cond-expr","locations":[{"start":{"line":64,"column":37},"end":{"line":64,"column":77}},{"start":{"line":64,"column":80},"end":{"line":64,"column":82}}],"line":64},"7":{"loc":{"start":{"line":123,"column":17},"end":{"line":123,"column":46}},"type":"binary-expr","locations":[{"start":{"line":123,"column":17},"end":{"line":123,"column":41}},{"start":{"line":123,"column":45},"end":{"line":123,"column":46}}],"line":123},"8":{"loc":{"start":{"line":124,"column":18},"end":{"line":124,"column":48}},"type":"binary-expr","locations":[{"start":{"line":124,"column":18},"end":{"line":124,"column":43}},{"start":{"line":124,"column":47},"end":{"line":124,"column":48}}],"line":124},"9":{"loc":{"start":{"line":163,"column":4},"end":{"line":231,"column":5}},"type":"if","locations":[{"start":{"line":163,"column":4},"end":{"line":231,"column":5}},{"start":{},"end":{}}],"line":163},"10":{"loc":{"start":{"line":175,"column":33},"end":{"line":175,"column":98}},"type":"cond-expr","locations":[{"start":{"line":175,"column":61},"end":{"line":175,"column":75}},{"start":{"line":175,"column":78},"end":{"line":175,"column":98}}],"line":175},"11":{"loc":{"start":{"line":182,"column":36},"end":{"line":182,"column":101}},"type":"cond-expr","locations":[{"start":{"line":182,"column":60},"end":{"line":182,"column":95}},{"start":{"line":182,"column":98},"end":{"line":182,"column":101}}],"line":182},"12":{"loc":{"start":{"line":259,"column":17},"end":{"line":259,"column":46}},"type":"binary-expr","locations":[{"start":{"line":259,"column":17},"end":{"line":259,"column":41}},{"start":{"line":259,"column":45},"end":{"line":259,"column":46}}],"line":259},"13":{"loc":{"start":{"line":260,"column":18},"end":{"line":260,"column":48}},"type":"binary-expr","locations":[{"start":{"line":260,"column":18},"end":{"line":260,"column":43}},{"start":{"line":260,"column":47},"end":{"line":260,"column":48}}],"line":260},"14":{"loc":{"start":{"line":299,"column":4},"end":{"line":367,"column":5}},"type":"if","locations":[{"start":{"line":299,"column":4},"end":{"line":367,"column":5}},{"start":{},"end":{}}],"line":299},"15":{"loc":{"start":{"line":311,"column":33},"end":{"line":311,"column":98}},"type":"cond-expr","locations":[{"start":{"line":311,"column":61},"end":{"line":311,"column":75}},{"start":{"line":311,"column":78},"end":{"line":311,"column":98}}],"line":311},"16":{"loc":{"start":{"line":318,"column":36},"end":{"line":318,"column":101}},"type":"cond-expr","locations":[{"start":{"line":318,"column":60},"end":{"line":318,"column":95}},{"start":{"line":318,"column":98},"end":{"line":318,"column":101}}],"line":318}},"s":{"0":3,"1":3,"2":3,"3":3,"4":3,"5":3,"6":0,"7":0,"8":0,"9":0,"10":0,"11":0,"12":0,"13":0,"14":0,"15":0,"16":0,"17":0,"18":0,"19":0,"20":0,"21":0,"22":0,"23":0,"24":0,"25":0,"26":0,"27":0,"28":0,"29":0,"30":0,"31":0,"32":0,"33":0,"34":0,"35":3,"36":0,"37":0,"38":0,"39":0,"40":0,"41":0,"42":0,"43":0,"44":0,"45":3,"46":0,"47":0,"48":0,"49":0,"50":0,"51":0,"52":0,"53":0,"54":0,"55":0,"56":0,"57":0,"58":0,"59":0,"60":0,"61":0,"62":0,"63":0,"64":0,"65":0,"66":0,"67":0,"68":0,"69":0,"70":0,"71":0,"72":0,"73":0,"74":0,"75":0,"76":0,"77":0,"78":0,"79":0,"80":0,"81":0,"82":0,"83":0,"84":3,"85":0,"86":0,"87":0,"88":0,"89":0,"90":0,"91":0,"92":0,"93":0,"94":0,"95":0,"96":0,"97":0,"98":0,"99":0,"100":0,"101":0,"102":0,"103":0,"104":0,"105":0,"106":0,"107":0,"108":0,"109":0,"110":0,"111":0,"112":0,"113":0,"114":0,"115":0,"116":0,"117":0,"118":0,"119":0,"120":0,"121":0,"122":0,"123":3},"f":{"0":0,"1":0,"2":0,"3":0,"4":0,"5":0,"6":0,"7":0,"8":0,"9":0,"10":0,"11":0,"12":0,"13":0,"14":0,"15":0,"16":0,"17":0,"18":0,"19":0},"b":{"0":[0,0],"1":[0,0],"2":[0,0],"3":[0,0],"4":[0,0],"5":[0,0],"6":[0,0],"7":[0,0],"8":[0,0],"9":[0,0],"10":[0,0],"11":[0,0],"12":[0,0],"13":[0,0],"14":[0,0],"15":[0,0],"16":[0,0]},"_coverageSchema":"1a1c01bbd47fc00a2c39e90264f33305004495a9","hash":"e7c471710d9ea4740b893a0e7d807f06f1928c1a"}
,"C:\\Users\\Lenovo\\Capstone-Project\\skills-assess-backend\\routes\\userAssessmentRoutes.js": {"path":"C:\\Users\\Lenovo\\Capstone-Project\\skills-assess-backend\\routes\\userAssessmentRoutes.js","statementMap":{"0":{"start":{"line":1,"column":16},"end":{"line":1,"column":34}},"1":{"start":{"line":2,"column":15},"end":{"line":2,"column":31}},"2":{"start":{"line":3,"column":13},"end":{"line":3,"column":36}},"3":{"start":{"line":6,"column":0},"end":{"line":48,"column":5}},"4":{"start":{"line":7,"column":19},"end":{"line":7,"column":35}},"5":{"start":{"line":9,"column":4},"end":{"line":47,"column":5}},"6":{"start":{"line":11,"column":20},"end":{"line":25,"column":7}},"7":{"start":{"line":27,"column":24},"end":{"line":27,"column":57}},"8":{"start":{"line":30,"column":6},"end":{"line":30,"column":48}},"9":{"start":{"line":33,"column":31},"end":{"line":40,"column":9}},"10":{"start":{"line":33,"column":51},"end":{"line":40,"column":7}},"11":{"start":{"line":42,"column":6},"end":{"line":42,"column":58}},"12":{"start":{"line":43,"column":6},"end":{"line":43,"column":33}},"13":{"start":{"line":45,"column":6},"end":{"line":45,"column":65}},"14":{"start":{"line":46,"column":6},"end":{"line":46,"column":77}},"15":{"start":{"line":50,"column":0},"end":{"line":91,"column":5}},"16":{"start":{"line":51,"column":25},"end":{"line":51,"column":38}},"17":{"start":{"line":53,"column":4},"end":{"line":90,"column":5}},"18":{"start":{"line":54,"column":20},"end":{"line":67,"column":7}},"19":{"start":{"line":69,"column":23},"end":{"line":69,"column":62}},"20":{"start":{"line":71,"column":6},"end":{"line":73,"column":7}},"21":{"start":{"line":72,"column":8},"end":{"line":72,"column":73}},"22":{"start":{"line":76,"column":28},"end":{"line":84,"column":7}},"23":{"start":{"line":86,"column":6},"end":{"line":86,"column":30}},"24":{"start":{"line":88,"column":6},"end":{"line":88,"column":57}},"25":{"start":{"line":89,"column":6},"end":{"line":89,"column":69}},"26":{"start":{"line":93,"column":0},"end":{"line":93,"column":24}}},"fnMap":{"0":{"name":"(anonymous_0)","decl":{"start":{"line":6,"column":23},"end":{"line":6,"column":24}},"loc":{"start":{"line":6,"column":43},"end":{"line":48,"column":3}},"line":6},"1":{"name":"(anonymous_1)","decl":{"start":{"line":33,"column":43},"end":{"line":33,"column":44}},"loc":{"start":{"line":33,"column":51},"end":{"line":40,"column":7}},"line":33},"2":{"name":"(anonymous_2)","decl":{"start":{"line":50,"column":37},"end":{"line":50,"column":38}},"loc":{"start":{"line":50,"column":57},"end":{"line":91,"column":3}},"line":50}},"branchMap":{"0":{"loc":{"start":{"line":71,"column":6},"end":{"line":73,"column":7}},"type":"if","locations":[{"start":{"line":71,"column":6},"end":{"line":73,"column":7}},{"start":{},"end":{}}],"line":71}},"s":{"0":3,"1":3,"2":3,"3":3,"4":0,"5":0,"6":0,"7":0,"8":0,"9":0,"10":0,"11":0,"12":0,"13":0,"14":0,"15":3,"16":0,"17":0,"18":0,"19":0,"20":0,"21":0,"22":0,"23":0,"24":0,"25":0,"26":3},"f":{"0":0,"1":0,"2":0},"b":{"0":[0,0]},"_coverageSchema":"1a1c01bbd47fc00a2c39e90264f33305004495a9","hash":"2c8c10c63a4e2cf8bc31d2ee26932a8b0c319e6c"}
}
