TN:
SF:server.js
FN:21,(anonymous_0)
FN:24,(anonymous_1)
FN:32,(anonymous_2)
FN:54,(anonymous_3)
FN:69,(anonymous_4)
FN:79,(anonymous_5)
FN:124,(anonymous_6)
FN:136,(anonymous_7)
FN:148,(anonymous_8)
FN:162,(anonymous_9)
FN:166,(anonymous_10)
FN:173,(anonymous_11)
FN:187,(anonymous_12)
FN:191,(anonymous_13)
FN:203,(anonymous_14)
FN:207,(anonymous_15)
FN:220,(anonymous_16)
FN:235,(anonymous_17)
FN:246,(anonymous_18)
FN:261,authenticateUser
FN:288,(anonymous_20)
FNF:21
FNH:3
FNDA:0,(anonymous_0)
FNDA:0,(anonymous_1)
FNDA:0,(anonymous_2)
FNDA:1,(anonymous_3)
FNDA:1,(anonymous_4)
FNDA:0,(anonymous_5)
FNDA:0,(anonymous_6)
FNDA:0,(anonymous_7)
FNDA:0,(anonymous_8)
FNDA:0,(anonymous_9)
FNDA:0,(anonymous_10)
FNDA:0,(anonymous_11)
FNDA:0,(anonymous_12)
FNDA:0,(anonymous_13)
FNDA:0,(anonymous_14)
FNDA:0,(anonymous_15)
FNDA:0,(anonymous_16)
FNDA:0,(anonymous_17)
FNDA:0,(anonymous_18)
FNDA:0,authenticateUser
FNDA:3,(anonymous_20)
DA:1,3
DA:2,3
DA:3,3
DA:4,3
DA:5,3
DA:6,3
DA:7,3
DA:8,3
DA:9,3
DA:10,3
DA:11,3
DA:12,3
DA:13,3
DA:14,3
DA:16,3
DA:17,3
DA:20,3
DA:22,0
DA:25,0
DA:29,3
DA:33,0
DA:34,0
DA:36,0
DA:43,3
DA:44,3
DA:45,3
DA:46,3
DA:47,3
DA:48,3
DA:49,3
DA:50,3
DA:51,3
DA:54,3
DA:55,1
DA:59,3
DA:60,3
DA:62,3
DA:63,3
DA:66,3
DA:67,3
DA:69,3
DA:70,1
DA:71,1
DA:72,1
DA:74,0
DA:75,0
DA:79,3
DA:80,0
DA:82,0
DA:83,0
DA:84,0
DA:86,0
DA:88,0
DA:90,0
DA:94,0
DA:102,0
DA:103,0
DA:105,0
DA:114,0
DA:115,0
DA:122,3
DA:124,3
DA:125,0
DA:126,0
DA:127,0
DA:128,0
DA:130,0
DA:132,0
DA:136,3
DA:137,0
DA:138,0
DA:142,0
DA:143,0
DA:145,0
DA:148,3
DA:149,0
DA:150,0
DA:151,0
DA:152,0
DA:153,0
DA:155,0
DA:157,0
DA:158,0
DA:162,3
DA:163,0
DA:164,0
DA:165,0
DA:166,0
DA:168,0
DA:169,0
DA:173,3
DA:174,0
DA:175,0
DA:176,0
DA:177,0
DA:178,0
DA:180,0
DA:182,0
DA:183,0
DA:187,3
DA:188,0
DA:189,0
DA:190,0
DA:191,0
DA:192,0
DA:193,0
DA:194,0
DA:198,0
DA:199,0
DA:203,3
DA:204,0
DA:205,0
DA:206,0
DA:207,0
DA:208,0
DA:209,0
DA:210,0
DA:214,0
DA:215,0
DA:220,3
DA:221,0
DA:222,0
DA:223,0
DA:226,0
DA:228,0
DA:230,0
DA:231,0
DA:235,3
DA:236,0
DA:238,0
DA:240,0
DA:241,0
DA:242,0
DA:245,0
DA:246,0
DA:247,0
DA:248,0
DA:249,0
DA:255,0
DA:256,0
DA:262,0
DA:264,0
DA:265,0
DA:266,0
DA:269,0
DA:270,0
DA:272,0
DA:274,0
DA:277,0
DA:278,0
DA:279,0
DA:280,0
DA:282,0
DA:283,0
DA:287,3
DA:288,3
DA:290,3
LF:157
LH:53
BRDA:33,0,0,0
BRDA:33,0,1,0
BRDA:127,1,0,0
BRDA:127,1,1,0
BRDA:142,2,0,0
BRDA:142,2,1,0
BRDA:152,3,0,0
BRDA:152,3,1,0
BRDA:177,4,0,0
BRDA:177,4,1,0
BRDA:192,5,0,0
BRDA:192,5,1,0
BRDA:208,6,0,0
BRDA:208,6,1,0
BRDA:222,7,0,0
BRDA:222,8,0,0
BRDA:240,9,0,0
BRDA:240,9,1,0
BRDA:240,10,0,0
BRDA:240,10,1,0
BRDA:240,10,2,0
BRDA:247,11,0,0
BRDA:247,11,1,0
BRDA:264,12,0,0
BRDA:264,12,1,0
BRDA:264,13,0,0
BRDA:264,13,1,0
BRDA:274,14,0,0
BRDA:274,14,1,0
BRDA:278,15,0,0
BRDA:278,15,1,0
BRDA:287,16,0,3
BRDA:287,16,1,0
BRF:33
BRH:1
end_of_record
TN:
SF:config\db.js
FN:16,(anonymous_0)
FN:17,(anonymous_1)
FNF:2
FNH:1
FNDA:1,(anonymous_0)
FNDA:0,(anonymous_1)
DA:1,2
DA:2,2
DA:4,2
DA:15,2
DA:16,1
DA:17,0
DA:19,2
LF:7
LH:6
BRDA:5,0,0,2
BRDA:5,0,1,0
BRDA:6,1,0,2
BRDA:6,1,1,0
BRDA:7,2,0,2
BRDA:7,2,1,0
BRDA:8,3,0,2
BRDA:8,3,1,0
BRF:8
BRH:4
end_of_record
TN:
SF:controllers\assessmentController.js
FN:4,(anonymous_0)
FNF:1
FNH:0
FNDA:0,(anonymous_0)
DA:1,3
DA:4,3
DA:5,0
DA:6,0
DA:9,0
DA:11,0
DA:12,0
DA:16,3
LF:8
LH:3
BRDA:9,0,0,0
BRDA:9,0,1,0
BRF:2
BRH:0
end_of_record
TN:
SF:controllers\assessmentReportController.js
FN:5,(anonymous_0)
FN:76,(anonymous_1)
FNF:2
FNH:1
FNDA:1,(anonymous_0)
FNDA:0,(anonymous_1)
DA:3,3
DA:5,3
DA:6,1
DA:8,1
DA:23,1
DA:25,0
DA:26,0
DA:29,0
DA:30,0
DA:33,0
DA:47,0
DA:59,0
DA:61,0
DA:63,0
DA:69,1
DA:70,1
DA:76,3
DA:77,0
DA:78,0
DA:79,0
DA:82,3
LF:21
LH:9
BRDA:25,0,0,0
BRDA:25,0,1,0
BRDA:77,1,0,0
BRDA:77,1,1,0
BRDA:78,2,0,0
BRDA:78,2,1,0
BRF:6
BRH:0
end_of_record
TN:
SF:controllers\leaderboardController.js
FN:6,(anonymous_0)
FN:22,(anonymous_1)
FN:37,(anonymous_2)
FN:46,(anonymous_3)
FN:61,(anonymous_4)
FN:83,(anonymous_5)
FNF:6
FNH:0
FNDA:0,(anonymous_0)
FNDA:0,(anonymous_1)
FNDA:0,(anonymous_2)
FNDA:0,(anonymous_3)
FNDA:0,(anonymous_4)
FNDA:0,(anonymous_5)
DA:2,3
DA:3,3
DA:6,3
DA:7,0
DA:8,0
DA:22,0
DA:29,0
DA:31,0
DA:32,0
DA:37,3
DA:38,0
DA:40,0
DA:46,0
DA:47,0
DA:61,0
DA:68,0
DA:75,0
DA:77,0
DA:78,0
DA:83,3
DA:84,0
DA:86,0
DA:88,0
DA:89,0
DA:93,0
DA:110,0
DA:117,0
DA:118,0
DA:119,0
DA:121,0
DA:127,0
DA:129,0
DA:131,0
DA:132,0
DA:136,3
LF:35
LH:6
BRDA:25,0,0,0
BRDA:25,0,1,0
BRDA:64,1,0,0
BRDA:64,1,1,0
BRDA:88,2,0,0
BRDA:88,2,1,0
BRDA:122,3,0,0
BRDA:122,3,1,0
BRDA:123,4,0,0
BRDA:123,4,1,0
BRF:10
BRH:0
end_of_record
TN:
SF:middleware\auth.js
FN:4,(anonymous_0)
FNF:1
FNH:1
FNDA:4,(anonymous_0)
DA:2,3
DA:4,3
DA:6,4
DA:7,4
DA:10,4
DA:11,1
DA:14,3
DA:16,3
DA:17,3
DA:19,3
DA:20,1
DA:23,1
DA:27,1
DA:29,2
DA:30,2
LF:15
LH:15
BRDA:7,0,0,3
BRDA:7,0,1,1
BRDA:10,1,0,1
BRDA:10,1,1,3
BRDA:16,2,0,3
BRDA:16,2,1,0
BRDA:20,3,0,1
BRDA:20,3,1,1
BRDA:24,4,0,1
BRDA:24,4,1,1
BRF:10
BRH:9
end_of_record
TN:
SF:models\AssessmentModel.js
FN:4,(anonymous_0)
FN:10,(anonymous_1)
FN:16,(anonymous_2)
FN:22,(anonymous_3)
FN:28,(anonymous_4)
FN:36,(anonymous_5)
FNF:6
FNH:0
FNDA:0,(anonymous_0)
FNDA:0,(anonymous_1)
FNDA:0,(anonymous_2)
FNDA:0,(anonymous_3)
FNDA:0,(anonymous_4)
FNDA:0,(anonymous_5)
DA:1,3
DA:5,0
DA:6,0
DA:7,0
DA:11,0
DA:12,0
DA:13,0
DA:17,0
DA:18,0
DA:19,0
DA:23,0
DA:24,0
DA:25,0
DA:29,0
DA:30,0
DA:31,0
DA:36,3
DA:37,0
DA:38,0
DA:44,0
DA:45,0
DA:47,0
DA:48,0
DA:52,3
DA:54,3
LF:25
LH:4
BRF:0
BRH:0
end_of_record
TN:
SF:models\UserModel.js
FN:5,(anonymous_0)
FN:11,(anonymous_1)
FNF:2
FNH:0
FNDA:0,(anonymous_0)
FNDA:0,(anonymous_1)
DA:2,3
DA:6,0
DA:7,0
DA:8,0
DA:12,0
DA:13,0
DA:14,0
DA:18,3
LF:8
LH:2
BRF:0
BRH:0
end_of_record
TN:
SF:routes\ProfileRoutes.js
FN:20,(anonymous_0)
FN:23,(anonymous_1)
FN:34,(anonymous_2)
FN:52,(anonymous_3)
FN:82,(anonymous_4)
FN:92,(anonymous_5)
FN:203,(anonymous_6)
FNF:7
FNH:1
FNDA:0,(anonymous_0)
FNDA:0,(anonymous_1)
FNDA:0,(anonymous_2)
FNDA:1,(anonymous_3)
FNDA:0,(anonymous_4)
FNDA:0,(anonymous_5)
FNDA:0,(anonymous_6)
DA:1,3
DA:2,3
DA:3,3
DA:4,3
DA:5,3
DA:8,3
DA:19,3
DA:21,0
DA:24,0
DA:28,3
DA:31,3
DA:34,3
DA:35,0
DA:36,0
DA:37,0
DA:40,0
DA:42,0
DA:44,0
DA:46,0
DA:47,0
DA:52,3
DA:53,1
DA:55,1
DA:56,1
DA:57,1
DA:61,0
DA:66,0
DA:67,0
DA:70,0
DA:73,0
DA:82,0
DA:84,0
DA:86,0
DA:87,0
DA:92,3
DA:93,0
DA:94,0
DA:95,0
DA:97,0
DA:98,0
DA:99,0
DA:102,0
DA:105,0
DA:106,0
DA:107,0
DA:108,0
DA:113,0
DA:114,0
DA:116,0
DA:118,0
DA:119,0
DA:121,0
DA:122,0
DA:123,0
DA:125,0
DA:126,0
DA:127,0
DA:129,0
DA:130,0
DA:131,0
DA:133,0
DA:134,0
DA:135,0
DA:139,0
DA:140,0
DA:141,0
DA:142,0
DA:146,0
DA:148,0
DA:154,0
DA:156,0
DA:162,0
DA:163,0
DA:167,0
DA:169,0
DA:173,0
DA:181,0
DA:186,0
DA:187,0
DA:188,0
DA:191,0
DA:194,0
DA:203,0
DA:205,0
DA:206,0
DA:209,0
DA:210,0
DA:212,0
DA:215,0
DA:216,0
DA:220,3
LF:91
LH:17
BRDA:36,0,0,0
BRDA:36,0,1,0
BRDA:36,1,0,0
BRDA:36,1,1,0
BRDA:55,2,0,1
BRDA:55,2,1,0
BRDA:55,3,0,1
BRDA:55,3,1,1
BRDA:66,4,0,0
BRDA:66,4,1,0
BRDA:98,5,0,0
BRDA:98,5,1,0
BRDA:98,6,0,0
BRDA:98,6,1,0
BRDA:105,7,0,0
BRDA:105,7,1,0
BRDA:107,8,0,0
BRDA:107,8,1,0
BRDA:121,9,0,0
BRDA:121,9,1,0
BRDA:125,10,0,0
BRDA:125,10,1,0
BRDA:129,11,0,0
BRDA:129,11,1,0
BRDA:133,12,0,0
BRDA:133,12,1,0
BRDA:139,13,0,0
BRDA:139,13,1,0
BRDA:146,14,0,0
BRDA:146,14,1,0
BRDA:146,15,0,0
BRDA:146,15,1,0
BRDA:162,16,0,0
BRDA:162,16,1,0
BRDA:186,17,0,0
BRDA:186,17,1,0
BRF:36
BRH:3
end_of_record
TN:
SF:routes\assessmentRoutes.js
FN:13,(anonymous_0)
FN:25,(anonymous_1)
FN:36,(anonymous_2)
FN:48,(anonymous_3)
FN:62,(anonymous_4)
FN:92,(anonymous_5)
FNF:6
FNH:1
FNDA:0,(anonymous_0)
FNDA:0,(anonymous_1)
FNDA:0,(anonymous_2)
FNDA:0,(anonymous_3)
FNDA:0,(anonymous_4)
FNDA:1,(anonymous_5)
DA:1,3
DA:2,3
DA:3,3
DA:4,3
DA:5,3
DA:6,3
DA:10,3
DA:13,3
DA:14,0
DA:15,0
DA:16,0
DA:17,0
DA:19,0
DA:20,0
DA:25,3
DA:26,0
DA:27,0
DA:28,0
DA:30,0
DA:31,0
DA:36,3
DA:37,0
DA:38,0
DA:39,0
DA:40,0
DA:42,0
DA:43,0
DA:48,3
DA:49,0
DA:50,0
DA:52,0
DA:53,0
DA:54,0
DA:56,0
DA:57,0
DA:62,3
DA:63,0
DA:64,0
DA:66,0
DA:81,0
DA:82,0
DA:83,0
DA:85,0
DA:87,0
DA:88,0
DA:92,3
DA:93,1
DA:94,1
DA:95,1
DA:97,1
DA:99,1
DA:104,1
DA:105,1
DA:108,1
DA:110,0
DA:121,1
DA:122,1
DA:126,3
LF:58
LH:24
BRF:0
BRH:0
end_of_record
TN:
SF:routes\auth.js
FN:12,(anonymous_0)
FN:59,(anonymous_1)
FN:107,(anonymous_2)
FN:118,verifyToken
FNF:4
FNH:0
FNDA:0,(anonymous_0)
FNDA:0,(anonymous_1)
FNDA:0,(anonymous_2)
FNDA:0,verifyToken
DA:1,3
DA:2,3
DA:3,3
DA:4,3
DA:5,3
DA:6,3
DA:7,3
DA:9,3
DA:12,3
DA:13,0
DA:14,0
DA:16,0
DA:17,0
DA:20,0
DA:21,0
DA:22,0
DA:25,0
DA:28,0
DA:32,0
DA:35,0
DA:36,0
DA:40,0
DA:42,0
DA:52,0
DA:53,0
DA:59,3
DA:60,0
DA:61,0
DA:63,0
DA:64,0
DA:65,0
DA:67,0
DA:68,0
DA:71,0
DA:72,0
DA:73,0
DA:75,0
DA:76,0
DA:78,0
DA:79,0
DA:82,0
DA:83,0
DA:87,0
DA:90,0
DA:101,0
DA:102,0
DA:107,3
DA:108,0
DA:109,0
DA:110,0
DA:112,0
DA:119,0
DA:120,0
DA:122,0
DA:123,0
DA:124,0
DA:125,0
DA:127,0
DA:131,3
LF:59
LH:12
BRDA:16,0,0,0
BRDA:16,0,1,0
BRDA:16,1,0,0
BRDA:16,1,1,0
BRDA:16,1,2,0
BRDA:21,2,0,0
BRDA:21,2,1,0
BRDA:32,3,0,0
BRDA:32,3,1,0
BRDA:32,3,2,0
BRDA:35,4,0,0
BRDA:35,4,1,0
BRDA:67,5,0,0
BRDA:67,5,1,0
BRDA:78,6,0,0
BRDA:78,6,1,0
BRDA:82,7,0,0
BRDA:82,7,1,0
BRDA:120,8,0,0
BRDA:120,8,1,0
BRF:20
BRH:0
end_of_record
TN:
SF:routes\blog.js
FN:6,(anonymous_0)
FN:18,(anonymous_1)
FN:33,(anonymous_2)
FN:46,(anonymous_3)
FN:73,(anonymous_4)
FN:93,(anonymous_5)
FNF:6
FNH:0
FNDA:0,(anonymous_0)
FNDA:0,(anonymous_1)
FNDA:0,(anonymous_2)
FNDA:0,(anonymous_3)
FNDA:0,(anonymous_4)
FNDA:0,(anonymous_5)
DA:1,3
DA:2,3
DA:3,3
DA:6,3
DA:7,0
DA:8,0
DA:9,0
DA:10,0
DA:12,0
DA:13,0
DA:18,3
DA:19,0
DA:20,0
DA:21,0
DA:25,0
DA:27,0
DA:28,0
DA:33,3
DA:34,0
DA:35,0
DA:38,0
DA:40,0
DA:41,0
DA:46,3
DA:47,0
DA:48,0
DA:50,0
DA:51,0
DA:54,0
DA:55,0
DA:65,0
DA:67,0
DA:68,0
DA:73,3
DA:74,0
DA:75,0
DA:80,0
DA:81,0
DA:82,0
DA:85,0
DA:87,0
DA:88,0
DA:93,3
DA:94,0
DA:97,0
DA:98,0
DA:100,0
DA:101,0
DA:105,0
DA:107,0
DA:109,0
DA:110,0
DA:114,3
LF:53
LH:10
BRDA:50,0,0,0
BRDA:50,0,1,0
BRDA:80,1,0,0
BRDA:80,1,1,0
BRDA:100,2,0,0
BRDA:100,2,1,0
BRF:6
BRH:0
end_of_record
TN:
SF:routes\leaderboardRoutes.js
FNF:0
FNH:0
DA:1,3
DA:2,3
DA:3,3
DA:4,3
DA:7,3
DA:8,3
DA:9,3
DA:11,3
LF:8
LH:8
BRF:0
BRH:0
end_of_record
TN:
SF:routes\skills.js
FN:15,(anonymous_0)
FN:89,(anonymous_1)
FN:120,(anonymous_2)
FN:147,(anonymous_3)
FN:174,(anonymous_4)
FN:178,(anonymous_5)
FN:180,(anonymous_6)
FN:182,(anonymous_7)
FN:198,(anonymous_8)
FN:201,(anonymous_9)
FN:220,(anonymous_10)
FN:256,(anonymous_11)
FN:283,(anonymous_12)
FN:310,(anonymous_13)
FN:314,(anonymous_14)
FN:316,(anonymous_15)
FN:318,(anonymous_16)
FN:334,(anonymous_17)
FN:337,(anonymous_18)
FN:356,(anonymous_19)
FNF:20
FNH:0
FNDA:0,(anonymous_0)
FNDA:0,(anonymous_1)
FNDA:0,(anonymous_2)
FNDA:0,(anonymous_3)
FNDA:0,(anonymous_4)
FNDA:0,(anonymous_5)
FNDA:0,(anonymous_6)
FNDA:0,(anonymous_7)
FNDA:0,(anonymous_8)
FNDA:0,(anonymous_9)
FNDA:0,(anonymous_10)
FNDA:0,(anonymous_11)
FNDA:0,(anonymous_12)
FNDA:0,(anonymous_13)
FNDA:0,(anonymous_14)
FNDA:0,(anonymous_15)
FNDA:0,(anonymous_16)
FNDA:0,(anonymous_17)
FNDA:0,(anonymous_18)
FNDA:0,(anonymous_19)
DA:1,3
DA:2,3
DA:3,3
DA:4,3
DA:7,3
DA:15,3
DA:16,0
DA:17,0
DA:18,0
DA:19,0
DA:20,0
DA:21,0
DA:23,0
DA:35,0
DA:38,0
DA:39,0
DA:40,0
DA:41,0
DA:43,0
DA:44,0
DA:45,0
DA:48,0
DA:49,0
DA:53,0
DA:58,0
DA:61,0
DA:67,0
DA:68,0
DA:69,0
DA:70,0
DA:72,0
DA:73,0
DA:75,0
DA:83,0
DA:84,0
DA:89,3
DA:90,0
DA:91,0
DA:93,0
DA:107,0
DA:108,0
DA:109,0
DA:111,0
DA:114,0
DA:115,0
DA:120,3
DA:121,0
DA:122,0
DA:123,0
DA:124,0
DA:125,0
DA:127,0
DA:130,0
DA:144,0
DA:147,0
DA:158,0
DA:160,0
DA:163,0
DA:165,0
DA:174,0
DA:175,0
DA:178,0
DA:180,0
DA:181,0
DA:182,0
DA:185,0
DA:198,0
DA:201,0
DA:208,0
DA:215,0
DA:218,0
DA:220,0
DA:234,0
DA:237,0
DA:238,0
DA:240,0
DA:242,0
DA:250,0
DA:251,0
DA:256,3
DA:257,0
DA:258,0
DA:259,0
DA:260,0
DA:261,0
DA:263,0
DA:266,0
DA:280,0
DA:283,0
DA:294,0
DA:296,0
DA:299,0
DA:301,0
DA:310,0
DA:311,0
DA:314,0
DA:316,0
DA:317,0
DA:318,0
DA:321,0
DA:334,0
DA:337,0
DA:344,0
DA:351,0
DA:354,0
DA:356,0
DA:370,0
DA:373,0
DA:374,0
DA:376,0
DA:378,0
DA:386,0
DA:387,0
DA:391,3
LF:114
LH:10
BRDA:17,0,0,0
BRDA:17,0,1,0
BRDA:18,1,0,0
BRDA:18,1,1,0
BRDA:39,2,0,0
BRDA:39,2,1,0
BRDA:39,3,0,0
BRDA:39,3,1,0
BRDA:43,4,0,0
BRDA:43,4,1,0
BRDA:48,5,0,0
BRDA:48,5,1,0
BRDA:64,6,0,0
BRDA:64,6,1,0
BRDA:123,7,0,0
BRDA:123,7,1,0
BRDA:124,8,0,0
BRDA:124,8,1,0
BRDA:163,9,0,0
BRDA:163,9,1,0
BRDA:175,10,0,0
BRDA:175,10,1,0
BRDA:182,11,0,0
BRDA:182,11,1,0
BRDA:259,12,0,0
BRDA:259,12,1,0
BRDA:260,13,0,0
BRDA:260,13,1,0
BRDA:299,14,0,0
BRDA:299,14,1,0
BRDA:311,15,0,0
BRDA:311,15,1,0
BRDA:318,16,0,0
BRDA:318,16,1,0
BRF:34
BRH:0
end_of_record
TN:
SF:routes\userAssessmentRoutes.js
FN:6,(anonymous_0)
FN:33,(anonymous_1)
FN:50,(anonymous_2)
FNF:3
FNH:0
FNDA:0,(anonymous_0)
FNDA:0,(anonymous_1)
FNDA:0,(anonymous_2)
DA:1,3
DA:2,3
DA:3,3
DA:6,3
DA:7,0
DA:9,0
DA:11,0
DA:27,0
DA:30,0
DA:33,0
DA:42,0
DA:43,0
DA:45,0
DA:46,0
DA:50,3
DA:51,0
DA:53,0
DA:54,0
DA:69,0
DA:71,0
DA:72,0
DA:76,0
DA:86,0
DA:88,0
DA:89,0
DA:93,3
LF:26
LH:6
BRDA:71,0,0,0
BRDA:71,0,1,0
BRF:2
BRH:0
end_of_record
